{"C:\\Code Files\\capstone\\capstone_beatTheHeat\\backend\\src\\config\\environment.ts": {"path":"C:\\Code Files\\capstone\\capstone_beatTheHeat\\backend\\src\\config\\environment.ts","statementMap":{"0":{"start":{"line":1,"column":0},"end":{"line":1,"column":24}},"1":{"start":{"line":3,"column":32},"end":{"line":11,"column":1}},"2":{"start":{"line":4,"column":14},"end":{"line":8,"column":null}},"3":{"start":{"line":10,"column":1},"end":{"line":10,"column":13}},"4":{"start":{"line":13,"column":13},"end":{"line":110,"column":2}},"5":{"start":{"line":15,"column":2},"end":{"line":15,"column":47}},"6":{"start":{"line":18,"column":2},"end":{"line":18,"column":42}},"7":{"start":{"line":21,"column":2},"end":{"line":21,"column":60}},"8":{"start":{"line":24,"column":2},"end":{"line":24,"column":47}},"9":{"start":{"line":27,"column":2},"end":{"line":27,"column":49}},"10":{"start":{"line":30,"column":2},"end":{"line":30,"column":50}},"11":{"start":{"line":33,"column":2},"end":{"line":33,"column":51}},"12":{"start":{"line":36,"column":2},"end":{"line":36,"column":75}},"13":{"start":{"line":39,"column":2},"end":{"line":39,"column":51}},"14":{"start":{"line":42,"column":14},"end":{"line":42,"column":77}},"15":{"start":{"line":43,"column":2},"end":{"line":43,"column":59}},"16":{"start":{"line":46,"column":2},"end":{"line":46,"column":51}},"17":{"start":{"line":49,"column":2},"end":{"line":49,"column":55}},"18":{"start":{"line":52,"column":2},"end":{"line":52,"column":56}},"19":{"start":{"line":55,"column":2},"end":{"line":55,"column":56}},"20":{"start":{"line":58,"column":2},"end":{"line":58,"column":53}},"21":{"start":{"line":61,"column":2},"end":{"line":61,"column":70}},"22":{"start":{"line":64,"column":2},"end":{"line":64,"column":46}},"23":{"start":{"line":67,"column":2},"end":{"line":67,"column":45}},"24":{"start":{"line":70,"column":2},"end":{"line":70,"column":47}},"25":{"start":{"line":73,"column":14},"end":{"line":73,"column":77}},"26":{"start":{"line":74,"column":2},"end":{"line":77,"column":20}},"27":{"start":{"line":76,"column":19},"end":{"line":76,"column":45}},"28":{"start":{"line":80,"column":2},"end":{"line":80,"column":63}},"29":{"start":{"line":83,"column":2},"end":{"line":83,"column":84}},"30":{"start":{"line":86,"column":2},"end":{"line":86,"column":82}},"31":{"start":{"line":89,"column":14},"end":{"line":89,"column":71}},"32":{"start":{"line":90,"column":2},"end":{"line":92,"column":3}},"33":{"start":{"line":91,"column":3},"end":{"line":91,"column":14}},"34":{"start":{"line":93,"column":2},"end":{"line":93,"column":18}},"35":{"start":{"line":96,"column":2},"end":{"line":96,"column":68}},"36":{"start":{"line":99,"column":2},"end":{"line":102,"column":4}},"37":{"start":{"line":105,"column":2},"end":{"line":108,"column":4}},"38":{"start":{"line":112,"column":32},"end":{"line":112,"column":86}},"39":{"start":{"line":112,"column":47},"end":{"line":112,"column":86}},"40":{"start":{"line":112,"column":13},"end":{"line":112,"column":32}},"41":{"start":{"line":114,"column":31},"end":{"line":114,"column":86}},"42":{"start":{"line":114,"column":46},"end":{"line":114,"column":86}},"43":{"start":{"line":114,"column":13},"end":{"line":114,"column":31}},"44":{"start":{"line":116,"column":40},"end":{"line":116,"column":98}},"45":{"start":{"line":116,"column":55},"end":{"line":116,"column":98}},"46":{"start":{"line":116,"column":13},"end":{"line":116,"column":40}},"47":{"start":{"line":118,"column":42},"end":{"line":119,"column":91}},"48":{"start":{"line":119,"column":1},"end":{"line":119,"column":91}},"49":{"start":{"line":118,"column":13},"end":{"line":118,"column":42}},"50":{"start":{"line":121,"column":31},"end":{"line":124,"column":40}},"51":{"start":{"line":122,"column":1},"end":{"line":124,"column":40}},"52":{"start":{"line":121,"column":13},"end":{"line":121,"column":31}}},"fnMap":{"0":{"name":"(anonymous_1)","decl":{"start":{"line":3,"column":32},"end":{"line":3,"column":43}},"loc":{"start":{"line":3,"column":45},"end":{"line":11,"column":1}}},"1":{"name":"(anonymous_2)","decl":{"start":{"line":14,"column":1},"end":{"line":14,"column":5}},"loc":{"start":{"line":14,"column":12},"end":{"line":16,"column":2}}},"2":{"name":"(anonymous_3)","decl":{"start":{"line":17,"column":1},"end":{"line":17,"column":5}},"loc":{"start":{"line":17,"column":9},"end":{"line":19,"column":2}}},"3":{"name":"(anonymous_4)","decl":{"start":{"line":20,"column":1},"end":{"line":20,"column":5}},"loc":{"start":{"line":20,"column":15},"end":{"line":22,"column":2}}},"4":{"name":"(anonymous_5)","decl":{"start":{"line":23,"column":1},"end":{"line":23,"column":5}},"loc":{"start":{"line":23,"column":22},"end":{"line":25,"column":2}}},"5":{"name":"(anonymous_6)","decl":{"start":{"line":26,"column":1},"end":{"line":26,"column":5}},"loc":{"start":{"line":26,"column":23},"end":{"line":28,"column":2}}},"6":{"name":"(anonymous_7)","decl":{"start":{"line":29,"column":1},"end":{"line":29,"column":5}},"loc":{"start":{"line":29,"column":14},"end":{"line":31,"column":2}}},"7":{"name":"(anonymous_8)","decl":{"start":{"line":32,"column":1},"end":{"line":32,"column":5}},"loc":{"start":{"line":32,"column":14},"end":{"line":34,"column":2}}},"8":{"name":"(anonymous_9)","decl":{"start":{"line":35,"column":1},"end":{"line":35,"column":5}},"loc":{"start":{"line":35,"column":23},"end":{"line":37,"column":2}}},"9":{"name":"(anonymous_10)","decl":{"start":{"line":38,"column":1},"end":{"line":38,"column":5}},"loc":{"start":{"line":38,"column":26},"end":{"line":40,"column":2}}},"10":{"name":"(anonymous_11)","decl":{"start":{"line":41,"column":1},"end":{"line":41,"column":5}},"loc":{"start":{"line":41,"column":16},"end":{"line":44,"column":2}}},"11":{"name":"(anonymous_12)","decl":{"start":{"line":45,"column":1},"end":{"line":45,"column":5}},"loc":{"start":{"line":45,"column":25},"end":{"line":47,"column":2}}},"12":{"name":"(anonymous_13)","decl":{"start":{"line":48,"column":1},"end":{"line":48,"column":5}},"loc":{"start":{"line":48,"column":28},"end":{"line":50,"column":2}}},"13":{"name":"(anonymous_14)","decl":{"start":{"line":51,"column":1},"end":{"line":51,"column":5}},"loc":{"start":{"line":51,"column":30},"end":{"line":53,"column":2}}},"14":{"name":"(anonymous_15)","decl":{"start":{"line":54,"column":1},"end":{"line":54,"column":5}},"loc":{"start":{"line":54,"column":30},"end":{"line":56,"column":2}}},"15":{"name":"(anonymous_16)","decl":{"start":{"line":57,"column":1},"end":{"line":57,"column":5}},"loc":{"start":{"line":57,"column":27},"end":{"line":59,"column":2}}},"16":{"name":"(anonymous_17)","decl":{"start":{"line":60,"column":1},"end":{"line":60,"column":5}},"loc":{"start":{"line":60,"column":33},"end":{"line":62,"column":2}}},"17":{"name":"(anonymous_18)","decl":{"start":{"line":63,"column":1},"end":{"line":63,"column":5}},"loc":{"start":{"line":63,"column":21},"end":{"line":65,"column":2}}},"18":{"name":"(anonymous_19)","decl":{"start":{"line":66,"column":1},"end":{"line":66,"column":5}},"loc":{"start":{"line":66,"column":20},"end":{"line":68,"column":2}}},"19":{"name":"(anonymous_20)","decl":{"start":{"line":69,"column":1},"end":{"line":69,"column":5}},"loc":{"start":{"line":69,"column":22},"end":{"line":71,"column":2}}},"20":{"name":"(anonymous_21)","decl":{"start":{"line":72,"column":1},"end":{"line":72,"column":5}},"loc":{"start":{"line":72,"column":26},"end":{"line":78,"column":2}}},"21":{"name":"(anonymous_22)","decl":{"start":{"line":76,"column":8},"end":{"line":76,"column":9}},"loc":{"start":{"line":76,"column":19},"end":{"line":76,"column":45}}},"22":{"name":"(anonymous_23)","decl":{"start":{"line":79,"column":1},"end":{"line":79,"column":5}},"loc":{"start":{"line":79,"column":29},"end":{"line":81,"column":2}}},"23":{"name":"(anonymous_24)","decl":{"start":{"line":82,"column":1},"end":{"line":82,"column":5}},"loc":{"start":{"line":82,"column":26},"end":{"line":84,"column":2}}},"24":{"name":"(anonymous_25)","decl":{"start":{"line":85,"column":1},"end":{"line":85,"column":5}},"loc":{"start":{"line":85,"column":24},"end":{"line":87,"column":2}}},"25":{"name":"(anonymous_26)","decl":{"start":{"line":88,"column":1},"end":{"line":88,"column":5}},"loc":{"start":{"line":88,"column":20},"end":{"line":94,"column":2}}},"26":{"name":"(anonymous_27)","decl":{"start":{"line":95,"column":1},"end":{"line":95,"column":5}},"loc":{"start":{"line":95,"column":21},"end":{"line":97,"column":2}}},"27":{"name":"(anonymous_28)","decl":{"start":{"line":98,"column":1},"end":{"line":98,"column":5}},"loc":{"start":{"line":98,"column":19},"end":{"line":103,"column":2}}},"28":{"name":"(anonymous_29)","decl":{"start":{"line":104,"column":1},"end":{"line":104,"column":5}},"loc":{"start":{"line":104,"column":21},"end":{"line":109,"column":2}}},"29":{"name":"(anonymous_30)","decl":{"start":{"line":112,"column":32},"end":{"line":112,"column":44}},"loc":{"start":{"line":112,"column":47},"end":{"line":112,"column":86}}},"30":{"name":"(anonymous_31)","decl":{"start":{"line":114,"column":31},"end":{"line":114,"column":43}},"loc":{"start":{"line":114,"column":46},"end":{"line":114,"column":86}}},"31":{"name":"(anonymous_32)","decl":{"start":{"line":116,"column":40},"end":{"line":116,"column":52}},"loc":{"start":{"line":116,"column":55},"end":{"line":116,"column":98}}},"32":{"name":"(anonymous_33)","decl":{"start":{"line":118,"column":42},"end":{"line":118,"column":54}},"loc":{"start":{"line":119,"column":1},"end":{"line":119,"column":91}}},"33":{"name":"(anonymous_34)","decl":{"start":{"line":121,"column":31},"end":{"line":121,"column":43}},"loc":{"start":{"line":122,"column":1},"end":{"line":124,"column":40}}}},"branchMap":{"0":{"loc":{"start":{"line":7,"column":2},"end":{"line":7,"column":50}},"type":"cond-expr","locations":[{"start":{"line":7,"column":33},"end":{"line":7,"column":42}},{"start":{"line":7,"column":45},"end":{"line":7,"column":50}}]},"1":{"loc":{"start":{"line":8,"column":2},"end":{"line":8,"column":56}},"type":"cond-expr","locations":[{"start":{"line":8,"column":33},"end":{"line":8,"column":45}},{"start":{"line":8,"column":48},"end":{"line":8,"column":56}}]},"2":{"loc":{"start":{"line":15,"column":9},"end":{"line":15,"column":46}},"type":"binary-expr","locations":[{"start":{"line":15,"column":9},"end":{"line":15,"column":29}},{"start":{"line":15,"column":33},"end":{"line":15,"column":46}}]},"3":{"loc":{"start":{"line":18,"column":16},"end":{"line":18,"column":40}},"type":"binary-expr","locations":[{"start":{"line":18,"column":16},"end":{"line":18,"column":32}},{"start":{"line":18,"column":36},"end":{"line":18,"column":40}}]},"4":{"loc":{"start":{"line":21,"column":9},"end":{"line":21,"column":59}},"type":"binary-expr","locations":[{"start":{"line":21,"column":9},"end":{"line":21,"column":32}},{"start":{"line":21,"column":36},"end":{"line":21,"column":59}}]},"5":{"loc":{"start":{"line":24,"column":9},"end":{"line":24,"column":46}},"type":"binary-expr","locations":[{"start":{"line":24,"column":9},"end":{"line":24,"column":40}},{"start":{"line":24,"column":44},"end":{"line":24,"column":46}}]},"6":{"loc":{"start":{"line":27,"column":9},"end":{"line":27,"column":48}},"type":"binary-expr","locations":[{"start":{"line":27,"column":9},"end":{"line":27,"column":42}},{"start":{"line":27,"column":46},"end":{"line":27,"column":48}}]},"7":{"loc":{"start":{"line":30,"column":16},"end":{"line":30,"column":48}},"type":"binary-expr","locations":[{"start":{"line":30,"column":16},"end":{"line":30,"column":38}},{"start":{"line":30,"column":42},"end":{"line":30,"column":48}}]},"8":{"loc":{"start":{"line":33,"column":16},"end":{"line":33,"column":49}},"type":"binary-expr","locations":[{"start":{"line":33,"column":16},"end":{"line":33,"column":38}},{"start":{"line":33,"column":42},"end":{"line":33,"column":49}}]},"9":{"loc":{"start":{"line":36,"column":9},"end":{"line":36,"column":74}},"type":"binary-expr","locations":[{"start":{"line":36,"column":9},"end":{"line":36,"column":41}},{"start":{"line":36,"column":45},"end":{"line":36,"column":74}}]},"10":{"loc":{"start":{"line":39,"column":9},"end":{"line":39,"column":50}},"type":"binary-expr","locations":[{"start":{"line":39,"column":9},"end":{"line":39,"column":44}},{"start":{"line":39,"column":48},"end":{"line":39,"column":50}}]},"11":{"loc":{"start":{"line":42,"column":15},"end":{"line":42,"column":62}},"type":"binary-expr","locations":[{"start":{"line":42,"column":15},"end":{"line":42,"column":39}},{"start":{"line":42,"column":43},"end":{"line":42,"column":62}}]},"12":{"loc":{"start":{"line":43,"column":9},"end":{"line":43,"column":58}},"type":"cond-expr","locations":[{"start":{"line":43,"column":28},"end":{"line":43,"column":36}},{"start":{"line":43,"column":39},"end":{"line":43,"column":58}}]},"13":{"loc":{"start":{"line":46,"column":9},"end":{"line":46,"column":50}},"type":"binary-expr","locations":[{"start":{"line":46,"column":9},"end":{"line":46,"column":44}},{"start":{"line":46,"column":48},"end":{"line":46,"column":50}}]},"14":{"loc":{"start":{"line":49,"column":9},"end":{"line":49,"column":54}},"type":"binary-expr","locations":[{"start":{"line":49,"column":9},"end":{"line":49,"column":48}},{"start":{"line":49,"column":52},"end":{"line":49,"column":54}}]},"15":{"loc":{"start":{"line":52,"column":9},"end":{"line":52,"column":55}},"type":"binary-expr","locations":[{"start":{"line":52,"column":9},"end":{"line":52,"column":49}},{"start":{"line":52,"column":53},"end":{"line":52,"column":55}}]},"16":{"loc":{"start":{"line":55,"column":9},"end":{"line":55,"column":55}},"type":"binary-expr","locations":[{"start":{"line":55,"column":9},"end":{"line":55,"column":49}},{"start":{"line":55,"column":53},"end":{"line":55,"column":55}}]},"17":{"loc":{"start":{"line":58,"column":9},"end":{"line":58,"column":52}},"type":"binary-expr","locations":[{"start":{"line":58,"column":9},"end":{"line":58,"column":46}},{"start":{"line":58,"column":50},"end":{"line":58,"column":52}}]},"18":{"loc":{"start":{"line":61,"column":16},"end":{"line":61,"column":68}},"type":"binary-expr","locations":[{"start":{"line":61,"column":16},"end":{"line":61,"column":60}},{"start":{"line":61,"column":64},"end":{"line":61,"column":68}}]},"19":{"loc":{"start":{"line":64,"column":9},"end":{"line":64,"column":45}},"type":"binary-expr","locations":[{"start":{"line":64,"column":9},"end":{"line":64,"column":39}},{"start":{"line":64,"column":43},"end":{"line":64,"column":45}}]},"20":{"loc":{"start":{"line":67,"column":9},"end":{"line":67,"column":44}},"type":"binary-expr","locations":[{"start":{"line":67,"column":9},"end":{"line":67,"column":38}},{"start":{"line":67,"column":42},"end":{"line":67,"column":44}}]},"21":{"loc":{"start":{"line":70,"column":9},"end":{"line":70,"column":46}},"type":"binary-expr","locations":[{"start":{"line":70,"column":9},"end":{"line":70,"column":40}},{"start":{"line":70,"column":44},"end":{"line":70,"column":46}}]},"22":{"loc":{"start":{"line":73,"column":14},"end":{"line":73,"column":77}},"type":"binary-expr","locations":[{"start":{"line":73,"column":14},"end":{"line":73,"column":50}},{"start":{"line":73,"column":54},"end":{"line":73,"column":77}}]},"23":{"loc":{"start":{"line":80,"column":16},"end":{"line":80,"column":61}},"type":"binary-expr","locations":[{"start":{"line":80,"column":16},"end":{"line":80,"column":55}},{"start":{"line":80,"column":59},"end":{"line":80,"column":61}}]},"24":{"loc":{"start":{"line":83,"column":10},"end":{"line":83,"column":56}},"type":"binary-expr","locations":[{"start":{"line":83,"column":10},"end":{"line":83,"column":46}},{"start":{"line":83,"column":50},"end":{"line":83,"column":56}}]},"25":{"loc":{"start":{"line":86,"column":10},"end":{"line":86,"column":55}},"type":"binary-expr","locations":[{"start":{"line":86,"column":10},"end":{"line":86,"column":44}},{"start":{"line":86,"column":48},"end":{"line":86,"column":55}}]},"26":{"loc":{"start":{"line":89,"column":15},"end":{"line":89,"column":56}},"type":"binary-expr","locations":[{"start":{"line":89,"column":15},"end":{"line":89,"column":44}},{"start":{"line":89,"column":48},"end":{"line":89,"column":56}}]},"27":{"loc":{"start":{"line":90,"column":2},"end":{"line":92,"column":3}},"type":"if","locations":[{"start":{"line":90,"column":2},"end":{"line":92,"column":3}}]},"28":{"loc":{"start":{"line":90,"column":6},"end":{"line":90,"column":44}},"type":"binary-expr","locations":[{"start":{"line":90,"column":6},"end":{"line":90,"column":22}},{"start":{"line":90,"column":26},"end":{"line":90,"column":44}}]},"29":{"loc":{"start":{"line":96,"column":9},"end":{"line":96,"column":67}},"type":"binary-expr","locations":[{"start":{"line":96,"column":9},"end":{"line":96,"column":38}},{"start":{"line":96,"column":42},"end":{"line":96,"column":67}}]},"30":{"loc":{"start":{"line":100,"column":3},"end":{"line":101,"column":85}},"type":"binary-expr","locations":[{"start":{"line":100,"column":3},"end":{"line":100,"column":31}},{"start":{"line":101,"column":3},"end":{"line":101,"column":85}}]},"31":{"loc":{"start":{"line":106,"column":3},"end":{"line":107,"column":85}},"type":"binary-expr","locations":[{"start":{"line":106,"column":3},"end":{"line":106,"column":31}},{"start":{"line":107,"column":3},"end":{"line":107,"column":85}}]},"32":{"loc":{"start":{"line":119,"column":1},"end":{"line":119,"column":91}},"type":"binary-expr","locations":[{"start":{"line":119,"column":1},"end":{"line":119,"column":43}},{"start":{"line":119,"column":47},"end":{"line":119,"column":91}}]},"33":{"loc":{"start":{"line":122,"column":1},"end":{"line":124,"column":40}},"type":"binary-expr","locations":[{"start":{"line":122,"column":1},"end":{"line":122,"column":39}},{"start":{"line":123,"column":1},"end":{"line":123,"column":38}},{"start":{"line":124,"column":1},"end":{"line":124,"column":40}}]}},"s":{"0":1,"1":1,"2":0,"3":0,"4":1,"5":0,"6":0,"7":0,"8":2,"9":0,"10":2,"11":2,"12":1,"13":0,"14":0,"15":0,"16":0,"17":0,"18":0,"19":0,"20":0,"21":0,"22":0,"23":0,"24":0,"25":0,"26":0,"27":0,"28":0,"29":0,"30":0,"31":0,"32":0,"33":0,"34":0,"35":0,"36":0,"37":0,"38":1,"39":2,"40":1,"41":1,"42":0,"43":1,"44":1,"45":0,"46":1,"47":1,"48":0,"49":1,"50":1,"51":0,"52":1},"f":{"0":0,"1":0,"2":0,"3":0,"4":2,"5":0,"6":2,"7":2,"8":1,"9":0,"10":0,"11":0,"12":0,"13":0,"14":0,"15":0,"16":0,"17":0,"18":0,"19":0,"20":0,"21":0,"22":0,"23":0,"24":0,"25":0,"26":0,"27":0,"28":0,"29":2,"30":0,"31":0,"32":0,"33":0},"b":{"0":[0,0],"1":[0,0],"2":[0,0],"3":[0,0],"4":[0,0],"5":[2,2],"6":[0,0],"7":[2,2],"8":[2,2],"9":[1,1],"10":[0,0],"11":[0,0],"12":[0,0],"13":[0,0],"14":[0,0],"15":[0,0],"16":[0,0],"17":[0,0],"18":[0,0],"19":[0,0],"20":[0,0],"21":[0,0],"22":[0,0],"23":[0,0],"24":[0,0],"25":[0,0],"26":[0,0],"27":[0],"28":[0,0],"29":[0,0],"30":[0,0],"31":[0,0],"32":[0,0],"33":[0,0,0]}}
,"C:\\Code Files\\capstone\\capstone_beatTheHeat\\backend\\src\\controllers\\announcementsController.ts": {"path":"C:\\Code Files\\capstone\\capstone_beatTheHeat\\backend\\src\\controllers\\announcementsController.ts","statementMap":{"0":{"start":{"line":2,"column":0},"end":{"line":2,"column":51}},"1":{"start":{"line":3,"column":0},"end":{"line":3,"column":24}},"2":{"start":{"line":4,"column":0},"end":{"line":4,"column":60}},"3":{"start":{"line":5,"column":0},"end":{"line":5,"column":77}},"4":{"start":{"line":7,"column":27},"end":{"line":10,"column":2}},"5":{"start":{"line":12,"column":31},"end":{"line":45,"column":1}},"6":{"start":{"line":13,"column":17},"end":{"line":21,"column":4}},"7":{"start":{"line":24,"column":2},"end":{"line":42,"column":3}},"8":{"start":{"line":25,"column":14},"end":{"line":25,"column":72}},"9":{"start":{"line":26,"column":16},"end":{"line":26,"column":42}},"10":{"start":{"line":27,"column":17},"end":{"line":37,"column":22}},"11":{"start":{"line":31,"column":8},"end":{"line":35,"column":9}},"12":{"start":{"line":32,"column":10},"end":{"line":32,"column":31}},"13":{"start":{"line":34,"column":10},"end":{"line":34,"column":22}},"14":{"start":{"line":39,"column":4},"end":{"line":39,"column":46}},"15":{"start":{"line":39,"column":25},"end":{"line":39,"column":46}},"16":{"start":{"line":44,"column":2},"end":{"line":44,"column":16}},"17":{"start":{"line":47,"column":13},"end":{"line":171,"column":2}},"18":{"start":{"line":49,"column":4},"end":{"line":75,"column":5}},"19":{"start":{"line":50,"column":20},"end":{"line":50,"column":69}},"20":{"start":{"line":51,"column":21},"end":{"line":51,"column":70}},"21":{"start":{"line":53,"column":23},"end":{"line":53,"column":47}},"22":{"start":{"line":54,"column":6},"end":{"line":58,"column":7}},"23":{"start":{"line":55,"column":24},"end":{"line":55,"column":54}},"24":{"start":{"line":56,"column":10},"end":{"line":56,"column":93}},"25":{"start":{"line":57,"column":10},"end":{"line":57,"column":17}},"26":{"start":{"line":60,"column":37},"end":{"line":64,"column":42}},"27":{"start":{"line":66,"column":6},"end":{"line":69,"column":7}},"28":{"start":{"line":67,"column":10},"end":{"line":67,"column":115}},"29":{"start":{"line":68,"column":10},"end":{"line":68,"column":17}},"30":{"start":{"line":71,"column":6},"end":{"line":71,"column":114}},"31":{"start":{"line":73,"column":6},"end":{"line":73,"column":18}},"32":{"start":{"line":74,"column":6},"end":{"line":74,"column":13}},"33":{"start":{"line":79,"column":4},"end":{"line":169,"column":5}},"34":{"start":{"line":80,"column":60},"end":{"line":80,"column":68}},"35":{"start":{"line":81,"column":6},"end":{"line":84,"column":7}},"36":{"start":{"line":82,"column":8},"end":{"line":82,"column":85}},"37":{"start":{"line":83,"column":8},"end":{"line":83,"column":15}},"38":{"start":{"line":86,"column":23},"end":{"line":86,"column":47}},"39":{"start":{"line":87,"column":6},"end":{"line":110,"column":7}},"40":{"start":{"line":88,"column":22},"end":{"line":88,"column":132}},"41":{"start":{"line":90,"column":18},"end":{"line":90,"column":76}},"42":{"start":{"line":91,"column":8},"end":{"line":91,"column":58}},"43":{"start":{"line":93,"column":31},"end":{"line":93,"column":67}},"44":{"start":{"line":94,"column":36},"end":{"line":94,"column":130}},"45":{"start":{"line":95,"column":37},"end":{"line":95,"column":133}},"46":{"start":{"line":97,"column":24},"end":{"line":97,"column":48}},"47":{"start":{"line":98,"column":21},"end":{"line":98,"column":55}},"48":{"start":{"line":100,"column":8},"end":{"line":102,"column":9}},"49":{"start":{"line":101,"column":10},"end":{"line":101,"column":68}},"50":{"start":{"line":104,"column":8},"end":{"line":106,"column":9}},"51":{"start":{"line":105,"column":10},"end":{"line":105,"column":69}},"52":{"start":{"line":108,"column":8},"end":{"line":108,"column":61}},"53":{"start":{"line":109,"column":8},"end":{"line":109,"column":15}},"54":{"start":{"line":112,"column":33},"end":{"line":112,"column":78}},"55":{"start":{"line":113,"column":6},"end":{"line":113,"column":55}},"56":{"start":{"line":113,"column":20},"end":{"line":113,"column":55}},"57":{"start":{"line":115,"column":30},"end":{"line":115,"column":111}},"58":{"start":{"line":116,"column":6},"end":{"line":119,"column":7}},"59":{"start":{"line":117,"column":8},"end":{"line":117,"column":113}},"60":{"start":{"line":118,"column":8},"end":{"line":118,"column":15}},"61":{"start":{"line":121,"column":29},"end":{"line":121,"column":65}},"62":{"start":{"line":123,"column":8},"end":{"line":126,"column":63}},"63":{"start":{"line":128,"column":8},"end":{"line":131,"column":63}},"64":{"start":{"line":134,"column":6},"end":{"line":162,"column":7}},"65":{"start":{"line":135,"column":24},"end":{"line":135,"column":53}},"66":{"start":{"line":136,"column":21},"end":{"line":136,"column":65}},"67":{"start":{"line":138,"column":10},"end":{"line":148,"column":11}},"68":{"start":{"line":140,"column":30},"end":{"line":140,"column":90}},"69":{"start":{"line":141,"column":12},"end":{"line":141,"column":108}},"70":{"start":{"line":141,"column":41},"end":{"line":141,"column":108}},"71":{"start":{"line":142,"column":38},"end":{"line":142,"column":55}},"72":{"start":{"line":143,"column":33},"end":{"line":143,"column":89}},"73":{"start":{"line":143,"column":65},"end":{"line":143,"column":72}},"74":{"start":{"line":144,"column":12},"end":{"line":144,"column":83}},"75":{"start":{"line":145,"column":12},"end":{"line":147,"column":13}},"76":{"start":{"line":146,"column":14},"end":{"line":146,"column":59}},"77":{"start":{"line":150,"column":8},"end":{"line":159,"column":9}},"78":{"start":{"line":151,"column":29},"end":{"line":151,"column":90}},"79":{"start":{"line":152,"column":10},"end":{"line":152,"column":108}},"80":{"start":{"line":152,"column":39},"end":{"line":152,"column":108}},"81":{"start":{"line":153,"column":37},"end":{"line":153,"column":55}},"82":{"start":{"line":154,"column":32},"end":{"line":154,"column":101}},"83":{"start":{"line":154,"column":71},"end":{"line":154,"column":84}},"84":{"start":{"line":155,"column":10},"end":{"line":155,"column":83}},"85":{"start":{"line":156,"column":10},"end":{"line":158,"column":11}},"86":{"start":{"line":157,"column":12},"end":{"line":157,"column":58}},"87":{"start":{"line":161,"column":8},"end":{"line":161,"column":62}},"88":{"start":{"line":164,"column":6},"end":{"line":164,"column":52}},"89":{"start":{"line":165,"column":6},"end":{"line":165,"column":13}},"90":{"start":{"line":167,"column":6},"end":{"line":167,"column":16}},"91":{"start":{"line":168,"column":6},"end":{"line":168,"column":13}},"92":{"start":{"line":173,"column":0},"end":{"line":173,"column":39}}},"fnMap":{"0":{"name":"(anonymous_1)","decl":{"start":{"line":12,"column":31},"end":{"line":12,"column":36}},"loc":{"start":{"line":12,"column":58},"end":{"line":45,"column":1}}},"1":{"name":"(anonymous_2)","decl":{"start":{"line":30,"column":11},"end":{"line":30,"column":12}},"loc":{"start":{"line":30,"column":17},"end":{"line":36,"column":7}}},"2":{"name":"(anonymous_3)","decl":{"start":{"line":48,"column":20},"end":{"line":48,"column":25}},"loc":{"start":{"line":48,"column":93},"end":{"line":76,"column":3}}},"3":{"name":"(anonymous_4)","decl":{"start":{"line":78,"column":22},"end":{"line":78,"column":27}},"loc":{"start":{"line":78,"column":95},"end":{"line":170,"column":3}}},"4":{"name":"(anonymous_5)","decl":{"start":{"line":143,"column":53},"end":{"line":143,"column":54}},"loc":{"start":{"line":143,"column":65},"end":{"line":143,"column":72}}},"5":{"name":"(anonymous_6)","decl":{"start":{"line":154,"column":53},"end":{"line":154,"column":54}},"loc":{"start":{"line":154,"column":71},"end":{"line":154,"column":84}}}},"branchMap":{"0":{"loc":{"start":{"line":39,"column":4},"end":{"line":39,"column":46}},"type":"if","locations":[{"start":{"line":39,"column":4},"end":{"line":39,"column":46}}]},"1":{"loc":{"start":{"line":50,"column":30},"end":{"line":50,"column":64}},"type":"binary-expr","locations":[{"start":{"line":50,"column":30},"end":{"line":50,"column":56}},{"start":{"line":50,"column":60},"end":{"line":50,"column":64}}]},"2":{"loc":{"start":{"line":51,"column":31},"end":{"line":51,"column":65}},"type":"binary-expr","locations":[{"start":{"line":51,"column":31},"end":{"line":51,"column":58}},{"start":{"line":51,"column":62},"end":{"line":51,"column":65}}]},"3":{"loc":{"start":{"line":54,"column":6},"end":{"line":58,"column":7}},"type":"if","locations":[{"start":{"line":54,"column":6},"end":{"line":58,"column":7}}]},"4":{"loc":{"start":{"line":66,"column":6},"end":{"line":69,"column":7}},"type":"if","locations":[{"start":{"line":66,"column":6},"end":{"line":69,"column":7}}]},"5":{"loc":{"start":{"line":71,"column":50},"end":{"line":71,"column":60}},"type":"binary-expr","locations":[{"start":{"line":71,"column":50},"end":{"line":71,"column":54}},{"start":{"line":71,"column":58},"end":{"line":71,"column":60}}]},"6":{"loc":{"start":{"line":71,"column":98},"end":{"line":71,"column":108}},"type":"binary-expr","locations":[{"start":{"line":71,"column":98},"end":{"line":71,"column":103}},{"start":{"line":71,"column":107},"end":{"line":71,"column":108}}]},"7":{"loc":{"start":{"line":81,"column":6},"end":{"line":84,"column":7}},"type":"if","locations":[{"start":{"line":81,"column":6},"end":{"line":84,"column":7}}]},"8":{"loc":{"start":{"line":81,"column":10},"end":{"line":81,"column":25}},"type":"binary-expr","locations":[{"start":{"line":81,"column":10},"end":{"line":81,"column":16}},{"start":{"line":81,"column":20},"end":{"line":81,"column":25}}]},"9":{"loc":{"start":{"line":87,"column":6},"end":{"line":110,"column":7}},"type":"if","locations":[{"start":{"line":87,"column":6},"end":{"line":110,"column":7}}]},"10":{"loc":{"start":{"line":88,"column":74},"end":{"line":88,"column":92}},"type":"binary-expr","locations":[{"start":{"line":88,"column":74},"end":{"line":88,"column":82}},{"start":{"line":88,"column":86},"end":{"line":88,"column":92}}]},"11":{"loc":{"start":{"line":93,"column":38},"end":{"line":93,"column":52}},"type":"binary-expr","locations":[{"start":{"line":93,"column":38},"end":{"line":93,"column":46}},{"start":{"line":93,"column":50},"end":{"line":93,"column":52}}]},"12":{"loc":{"start":{"line":94,"column":36},"end":{"line":94,"column":130}},"type":"binary-expr","locations":[{"start":{"line":94,"column":36},"end":{"line":94,"column":63}},{"start":{"line":94,"column":67},"end":{"line":94,"column":95}},{"start":{"line":94,"column":99},"end":{"line":94,"column":130}}]},"13":{"loc":{"start":{"line":95,"column":37},"end":{"line":95,"column":133}},"type":"binary-expr","locations":[{"start":{"line":95,"column":37},"end":{"line":95,"column":64}},{"start":{"line":95,"column":68},"end":{"line":95,"column":97}},{"start":{"line":95,"column":101},"end":{"line":95,"column":133}}]},"14":{"loc":{"start":{"line":100,"column":8},"end":{"line":102,"column":9}},"type":"if","locations":[{"start":{"line":100,"column":8},"end":{"line":102,"column":9}}]},"15":{"loc":{"start":{"line":104,"column":8},"end":{"line":106,"column":9}},"type":"if","locations":[{"start":{"line":104,"column":8},"end":{"line":106,"column":9}}]},"16":{"loc":{"start":{"line":112,"column":58},"end":{"line":112,"column":76}},"type":"binary-expr","locations":[{"start":{"line":112,"column":58},"end":{"line":112,"column":66}},{"start":{"line":112,"column":70},"end":{"line":112,"column":76}}]},"17":{"loc":{"start":{"line":113,"column":6},"end":{"line":113,"column":55}},"type":"if","locations":[{"start":{"line":113,"column":6},"end":{"line":113,"column":55}}]},"18":{"loc":{"start":{"line":116,"column":6},"end":{"line":119,"column":7}},"type":"if","locations":[{"start":{"line":116,"column":6},"end":{"line":119,"column":7}}]},"19":{"loc":{"start":{"line":121,"column":36},"end":{"line":121,"column":50}},"type":"binary-expr","locations":[{"start":{"line":121,"column":36},"end":{"line":121,"column":44}},{"start":{"line":121,"column":48},"end":{"line":121,"column":50}}]},"20":{"loc":{"start":{"line":123,"column":8},"end":{"line":126,"column":63}},"type":"binary-expr","locations":[{"start":{"line":123,"column":8},"end":{"line":123,"column":35}},{"start":{"line":124,"column":8},"end":{"line":124,"column":36}},{"start":{"line":125,"column":8},"end":{"line":125,"column":39}},{"start":{"line":126,"column":9},"end":{"line":126,"column":26}},{"start":{"line":126,"column":30},"end":{"line":126,"column":62}}]},"21":{"loc":{"start":{"line":128,"column":8},"end":{"line":131,"column":63}},"type":"binary-expr","locations":[{"start":{"line":128,"column":8},"end":{"line":128,"column":35}},{"start":{"line":129,"column":8},"end":{"line":129,"column":37}},{"start":{"line":130,"column":8},"end":{"line":130,"column":40}},{"start":{"line":131,"column":9},"end":{"line":131,"column":26}},{"start":{"line":131,"column":30},"end":{"line":131,"column":62}}]},"22":{"loc":{"start":{"line":138,"column":10},"end":{"line":148,"column":11}},"type":"if","locations":[{"start":{"line":138,"column":10},"end":{"line":148,"column":11}}]},"23":{"loc":{"start":{"line":141,"column":12},"end":{"line":141,"column":108}},"type":"if","locations":[{"start":{"line":141,"column":12},"end":{"line":141,"column":108}}]},"24":{"loc":{"start":{"line":143,"column":34},"end":{"line":143,"column":47}},"type":"binary-expr","locations":[{"start":{"line":143,"column":34},"end":{"line":143,"column":41}},{"start":{"line":143,"column":45},"end":{"line":143,"column":47}}]},"25":{"loc":{"start":{"line":145,"column":12},"end":{"line":147,"column":13}},"type":"if","locations":[{"start":{"line":145,"column":12},"end":{"line":147,"column":13}}]},"26":{"loc":{"start":{"line":150,"column":8},"end":{"line":159,"column":9}},"type":"if","locations":[{"start":{"line":150,"column":8},"end":{"line":159,"column":9}}]},"27":{"loc":{"start":{"line":152,"column":10},"end":{"line":152,"column":108}},"type":"if","locations":[{"start":{"line":152,"column":10},"end":{"line":152,"column":108}}]},"28":{"loc":{"start":{"line":154,"column":33},"end":{"line":154,"column":47}},"type":"binary-expr","locations":[{"start":{"line":154,"column":33},"end":{"line":154,"column":41}},{"start":{"line":154,"column":45},"end":{"line":154,"column":47}}]},"29":{"loc":{"start":{"line":156,"column":10},"end":{"line":158,"column":11}},"type":"if","locations":[{"start":{"line":156,"column":10},"end":{"line":158,"column":11}}]}},"s":{"0":1,"1":1,"2":1,"3":1,"4":1,"5":1,"6":0,"7":0,"8":0,"9":0,"10":0,"11":0,"12":0,"13":0,"14":0,"15":0,"16":0,"17":1,"18":0,"19":0,"20":0,"21":0,"22":0,"23":0,"24":0,"25":0,"26":0,"27":0,"28":0,"29":0,"30":0,"31":0,"32":0,"33":3,"34":3,"35":3,"36":1,"37":1,"38":2,"39":2,"40":1,"41":1,"42":1,"43":1,"44":1,"45":1,"46":1,"47":1,"48":1,"49":0,"50":1,"51":0,"52":1,"53":1,"54":1,"55":1,"56":0,"57":1,"58":1,"59":0,"60":0,"61":1,"62":1,"63":1,"64":1,"65":1,"66":1,"67":1,"68":0,"69":0,"70":0,"71":0,"72":0,"73":0,"74":0,"75":0,"76":0,"77":1,"78":0,"79":0,"80":0,"81":0,"82":0,"83":0,"84":0,"85":0,"86":0,"87":0,"88":1,"89":1,"90":0,"91":0,"92":1},"f":{"0":0,"1":0,"2":0,"3":3,"4":0,"5":0},"b":{"0":[0],"1":[0,0],"2":[0,0],"3":[0],"4":[0],"5":[0,0],"6":[0,0],"7":[1],"8":[3,2],"9":[1],"10":[1,1],"11":[1,1],"12":[1,1,1],"13":[1,1,1],"14":[0],"15":[0],"16":[1,0],"17":[0],"18":[0],"19":[1,1],"20":[1,1,1,1,1],"21":[1,1,1,1,1],"22":[0],"23":[0],"24":[0,0],"25":[0],"26":[0],"27":[0],"28":[0,0],"29":[0]}}
,"C:\\Code Files\\capstone\\capstone_beatTheHeat\\backend\\src\\controllers\\incidentsController.ts": {"path":"C:\\Code Files\\capstone\\capstone_beatTheHeat\\backend\\src\\controllers\\incidentsController.ts","statementMap":{"0":{"start":{"line":2,"column":0},"end":{"line":2,"column":62}},"1":{"start":{"line":3,"column":0},"end":{"line":3,"column":24}},"2":{"start":{"line":4,"column":0},"end":{"line":4,"column":67}},"3":{"start":{"line":5,"column":0},"end":{"line":5,"column":61}},"4":{"start":{"line":6,"column":0},"end":{"line":6,"column":60}},"5":{"start":{"line":7,"column":0},"end":{"line":7,"column":77}},"6":{"start":{"line":9,"column":18},"end":{"line":9,"column":79}},"7":{"start":{"line":11,"column":27},"end":{"line":28,"column":1}},"8":{"start":{"line":12,"column":2},"end":{"line":27,"column":3}},"9":{"start":{"line":13,"column":16},"end":{"line":13,"column":50}},"10":{"start":{"line":14,"column":4},"end":{"line":24,"column":32}},"11":{"start":{"line":18,"column":8},"end":{"line":22,"column":9}},"12":{"start":{"line":19,"column":10},"end":{"line":19,"column":34}},"13":{"start":{"line":21,"column":10},"end":{"line":21,"column":22}},"14":{"start":{"line":26,"column":4},"end":{"line":26,"column":14}},"15":{"start":{"line":30,"column":27},"end":{"line":33,"column":1}},"16":{"start":{"line":31,"column":18},"end":{"line":31,"column":76}},"17":{"start":{"line":31,"column":42},"end":{"line":31,"column":64}},"18":{"start":{"line":32,"column":2},"end":{"line":32,"column":69}},"19":{"start":{"line":35,"column":25},"end":{"line":42,"column":1}},"20":{"start":{"line":36,"column":2},"end":{"line":38,"column":3}},"21":{"start":{"line":37,"column":4},"end":{"line":37,"column":16}},"22":{"start":{"line":40,"column":16},"end":{"line":40,"column":86}},"23":{"start":{"line":41,"column":2},"end":{"line":41,"column":39}},"24":{"start":{"line":44,"column":27},"end":{"line":71,"column":1}},"25":{"start":{"line":45,"column":23},"end":{"line":45,"column":91}},"26":{"start":{"line":46,"column":22},"end":{"line":46,"column":71}},"27":{"start":{"line":47,"column":22},"end":{"line":47,"column":97}},"28":{"start":{"line":48,"column":20},"end":{"line":50,"column":65}},"29":{"start":{"line":52,"column":22},"end":{"line":52,"column":67}},"30":{"start":{"line":53,"column":23},"end":{"line":68,"column":78}},"31":{"start":{"line":68,"column":21},"end":{"line":68,"column":77}},"32":{"start":{"line":70,"column":2},"end":{"line":70,"column":90}},"33":{"start":{"line":73,"column":32},"end":{"line":101,"column":1}},"34":{"start":{"line":74,"column":80},"end":{"line":74,"column":108}},"35":{"start":{"line":76,"column":2},"end":{"line":78,"column":3}},"36":{"start":{"line":77,"column":4},"end":{"line":77,"column":188}},"37":{"start":{"line":80,"column":2},"end":{"line":82,"column":3}},"38":{"start":{"line":81,"column":4},"end":{"line":81,"column":186}},"39":{"start":{"line":84,"column":2},"end":{"line":86,"column":3}},"40":{"start":{"line":85,"column":4},"end":{"line":85,"column":172}},"41":{"start":{"line":88,"column":2},"end":{"line":90,"column":3}},"42":{"start":{"line":89,"column":4},"end":{"line":89,"column":156}},"43":{"start":{"line":92,"column":2},"end":{"line":94,"column":3}},"44":{"start":{"line":93,"column":4},"end":{"line":93,"column":155}},"45":{"start":{"line":96,"column":2},"end":{"line":98,"column":3}},"46":{"start":{"line":97,"column":4},"end":{"line":97,"column":170}},"47":{"start":{"line":100,"column":2},"end":{"line":100,"column":153}},"48":{"start":{"line":103,"column":35},"end":{"line":131,"column":1}},"49":{"start":{"line":104,"column":29},"end":{"line":104,"column":62}},"50":{"start":{"line":105,"column":77},"end":{"line":105,"column":105}},"51":{"start":{"line":107,"column":2},"end":{"line":130,"column":3}},"52":{"start":{"line":108,"column":18},"end":{"line":117,"column":15}},"53":{"start":{"line":119,"column":20},"end":{"line":119,"column":60}},"54":{"start":{"line":120,"column":21},"end":{"line":125,"column":6}},"55":{"start":{"line":127,"column":4},"end":{"line":127,"column":77}},"56":{"start":{"line":129,"column":4},"end":{"line":129,"column":30}},"57":{"start":{"line":133,"column":23},"end":{"line":175,"column":1}},"58":{"start":{"line":139,"column":18},"end":{"line":139,"column":70}},"59":{"start":{"line":140,"column":19},"end":{"line":140,"column":74}},"60":{"start":{"line":141,"column":17},"end":{"line":141,"column":85}},"61":{"start":{"line":142,"column":23},"end":{"line":142,"column":49}},"62":{"start":{"line":143,"column":21},"end":{"line":143,"column":45}},"63":{"start":{"line":145,"column":2},"end":{"line":174,"column":4}},"64":{"start":{"line":177,"column":13},"end":{"line":564,"column":2}},"65":{"start":{"line":179,"column":4},"end":{"line":304,"column":5}},"66":{"start":{"line":180,"column":20},"end":{"line":180,"column":69}},"67":{"start":{"line":181,"column":21},"end":{"line":181,"column":70}},"68":{"start":{"line":183,"column":23},"end":{"line":183,"column":47}},"69":{"start":{"line":184,"column":6},"end":{"line":196,"column":7}},"70":{"start":{"line":185,"column":22},"end":{"line":185,"column":48}},"71":{"start":{"line":186,"column":21},"end":{"line":189,"column":11}},"72":{"start":{"line":186,"column":79},"end":{"line":189,"column":10}},"73":{"start":{"line":190,"column":8},"end":{"line":194,"column":11}},"74":{"start":{"line":195,"column":8},"end":{"line":195,"column":15}},"75":{"start":{"line":199,"column":64},"end":{"line":203,"column":42}},"76":{"start":{"line":205,"column":6},"end":{"line":213,"column":7}},"77":{"start":{"line":206,"column":8},"end":{"line":211,"column":11}},"78":{"start":{"line":212,"column":8},"end":{"line":212,"column":15}},"79":{"start":{"line":216,"column":25},"end":{"line":216,"column":103}},"80":{"start":{"line":216,"column":71},"end":{"line":216,"column":84}},"81":{"start":{"line":217,"column":26},"end":{"line":217,"column":105}},"82":{"start":{"line":217,"column":72},"end":{"line":217,"column":86}},"83":{"start":{"line":218,"column":46},"end":{"line":218,"column":48}},"84":{"start":{"line":219,"column":47},"end":{"line":219,"column":49}},"85":{"start":{"line":220,"column":45},"end":{"line":220,"column":47}},"86":{"start":{"line":222,"column":6},"end":{"line":227,"column":7}},"87":{"start":{"line":223,"column":32},"end":{"line":223,"column":158}},"88":{"start":{"line":224,"column":8},"end":{"line":226,"column":11}},"89":{"start":{"line":225,"column":10},"end":{"line":225,"column":33}},"90":{"start":{"line":229,"column":24},"end":{"line":230,"column":null}},"91":{"start":{"line":230,"column":66},"end":{"line":230,"column":89}},"92":{"start":{"line":233,"column":6},"end":{"line":238,"column":7}},"93":{"start":{"line":234,"column":34},"end":{"line":234,"column":131}},"94":{"start":{"line":235,"column":8},"end":{"line":237,"column":11}},"95":{"start":{"line":236,"column":10},"end":{"line":236,"column":32}},"96":{"start":{"line":240,"column":6},"end":{"line":245,"column":7}},"97":{"start":{"line":241,"column":36},"end":{"line":241,"column":135}},"98":{"start":{"line":242,"column":8},"end":{"line":244,"column":11}},"99":{"start":{"line":243,"column":10},"end":{"line":243,"column":34}},"100":{"start":{"line":247,"column":19},"end":{"line":247,"column":117}},"101":{"start":{"line":247,"column":55},"end":{"line":247,"column":116}},"102":{"start":{"line":249,"column":6},"end":{"line":295,"column":7}},"103":{"start":{"line":250,"column":77},"end":{"line":254,"column":44}},"104":{"start":{"line":256,"column":10},"end":{"line":294,"column":9}},"105":{"start":{"line":257,"column":10},"end":{"line":286,"column":14}},"106":{"start":{"line":257,"column":57},"end":{"line":286,"column":12}},"107":{"start":{"line":288,"column":10},"end":{"line":292,"column":13}},"108":{"start":{"line":293,"column":10},"end":{"line":293,"column":17}},"109":{"start":{"line":297,"column":6},"end":{"line":301,"column":9}},"110":{"start":{"line":303,"column":6},"end":{"line":303,"column":18}},"111":{"start":{"line":308,"column":4},"end":{"line":383,"column":5}},"112":{"start":{"line":309,"column":93},"end":{"line":309,"column":101}},"113":{"start":{"line":310,"column":6},"end":{"line":313,"column":7}},"114":{"start":{"line":311,"column":8},"end":{"line":311,"column":85}},"115":{"start":{"line":312,"column":8},"end":{"line":312,"column":15}},"116":{"start":{"line":315,"column":23},"end":{"line":315,"column":47}},"117":{"start":{"line":316,"column":6},"end":{"line":323,"column":7}},"118":{"start":{"line":317,"column":23},"end":{"line":317,"column":185}},"119":{"start":{"line":318,"column":29},"end":{"line":318,"column":69}},"120":{"start":{"line":319,"column":37},"end":{"line":319,"column":64}},"121":{"start":{"line":320,"column":8},"end":{"line":320,"column":81}},"122":{"start":{"line":321,"column":8},"end":{"line":321,"column":76}},"123":{"start":{"line":322,"column":8},"end":{"line":322,"column":15}},"124":{"start":{"line":325,"column":27},"end":{"line":334,"column":8}},"125":{"start":{"line":336,"column":30},"end":{"line":336,"column":101}},"126":{"start":{"line":337,"column":6},"end":{"line":340,"column":7}},"127":{"start":{"line":338,"column":8},"end":{"line":338,"column":109}},"128":{"start":{"line":339,"column":8},"end":{"line":339,"column":15}},"129":{"start":{"line":342,"column":27},"end":{"line":342,"column":84}},"130":{"start":{"line":344,"column":6},"end":{"line":376,"column":7}},"131":{"start":{"line":345,"column":30},"end":{"line":345,"column":98}},"132":{"start":{"line":346,"column":31},"end":{"line":346,"column":101}},"133":{"start":{"line":348,"column":8},"end":{"line":373,"column":9}},"134":{"start":{"line":349,"column":26},"end":{"line":349,"column":92}},"135":{"start":{"line":350,"column":23},"end":{"line":350,"column":113}},"136":{"start":{"line":352,"column":10},"end":{"line":366,"column":11}},"137":{"start":{"line":354,"column":12},"end":{"line":365,"column":13}},"138":{"start":{"line":355,"column":44},"end":{"line":355,"column":147}},"139":{"start":{"line":356,"column":31},"end":{"line":356,"column":58}},"140":{"start":{"line":357,"column":14},"end":{"line":360,"column":15}},"141":{"start":{"line":358,"column":41},"end":{"line":358,"column":122}},"142":{"start":{"line":359,"column":16},"end":{"line":359,"column":80}},"143":{"start":{"line":359,"column":35},"end":{"line":359,"column":80}},"144":{"start":{"line":362,"column":40},"end":{"line":362,"column":105}},"145":{"start":{"line":363,"column":35},"end":{"line":363,"column":91}},"146":{"start":{"line":363,"column":67},"end":{"line":363,"column":74}},"147":{"start":{"line":364,"column":14},"end":{"line":364,"column":88}},"148":{"start":{"line":364,"column":43},"end":{"line":364,"column":88}},"149":{"start":{"line":368,"column":10},"end":{"line":372,"column":11}},"150":{"start":{"line":369,"column":39},"end":{"line":369,"column":105}},"151":{"start":{"line":370,"column":34},"end":{"line":370,"column":91}},"152":{"start":{"line":370,"column":67},"end":{"line":370,"column":74}},"153":{"start":{"line":371,"column":12},"end":{"line":371,"column":88}},"154":{"start":{"line":371,"column":42},"end":{"line":371,"column":88}},"155":{"start":{"line":375,"column":8},"end":{"line":375,"column":65}},"156":{"start":{"line":378,"column":6},"end":{"line":378,"column":79}},"157":{"start":{"line":379,"column":6},"end":{"line":379,"column":13}},"158":{"start":{"line":381,"column":6},"end":{"line":381,"column":16}},"159":{"start":{"line":382,"column":6},"end":{"line":382,"column":13}},"160":{"start":{"line":386,"column":4},"end":{"line":448,"column":5}},"161":{"start":{"line":387,"column":21},"end":{"line":387,"column":31}},"162":{"start":{"line":388,"column":23},"end":{"line":388,"column":47}},"163":{"start":{"line":390,"column":6},"end":{"line":400,"column":7}},"164":{"start":{"line":391,"column":22},"end":{"line":391,"column":48}},"165":{"start":{"line":392,"column":23},"end":{"line":392,"column":80}},"166":{"start":{"line":392,"column":49},"end":{"line":392,"column":79}},"167":{"start":{"line":393,"column":8},"end":{"line":396,"column":9}},"168":{"start":{"line":394,"column":10},"end":{"line":394,"column":82}},"169":{"start":{"line":395,"column":10},"end":{"line":395,"column":17}},"170":{"start":{"line":398,"column":8},"end":{"line":398,"column":139}},"171":{"start":{"line":399,"column":8},"end":{"line":399,"column":15}},"172":{"start":{"line":402,"column":30},"end":{"line":406,"column":17}},"173":{"start":{"line":408,"column":6},"end":{"line":411,"column":7}},"174":{"start":{"line":409,"column":8},"end":{"line":409,"column":80}},"175":{"start":{"line":410,"column":8},"end":{"line":410,"column":15}},"176":{"start":{"line":413,"column":25},"end":{"line":413,"column":65}},"177":{"start":{"line":414,"column":26},"end":{"line":414,"column":68}},"178":{"start":{"line":415,"column":48},"end":{"line":415,"column":50}},"179":{"start":{"line":416,"column":49},"end":{"line":416,"column":51}},"180":{"start":{"line":417,"column":47},"end":{"line":417,"column":49}},"181":{"start":{"line":419,"column":6},"end":{"line":424,"column":7}},"182":{"start":{"line":420,"column":32},"end":{"line":420,"column":158}},"183":{"start":{"line":421,"column":8},"end":{"line":423,"column":11}},"184":{"start":{"line":422,"column":10},"end":{"line":422,"column":45}},"185":{"start":{"line":426,"column":24},"end":{"line":427,"column":null}},"186":{"start":{"line":427,"column":66},"end":{"line":427,"column":89}},"187":{"start":{"line":430,"column":6},"end":{"line":435,"column":7}},"188":{"start":{"line":431,"column":34},"end":{"line":431,"column":131}},"189":{"start":{"line":432,"column":8},"end":{"line":434,"column":11}},"190":{"start":{"line":433,"column":10},"end":{"line":433,"column":42}},"191":{"start":{"line":437,"column":6},"end":{"line":442,"column":7}},"192":{"start":{"line":438,"column":36},"end":{"line":438,"column":135}},"193":{"start":{"line":439,"column":8},"end":{"line":441,"column":11}},"194":{"start":{"line":440,"column":10},"end":{"line":440,"column":48}},"195":{"start":{"line":444,"column":21},"end":{"line":444,"column":83}},"196":{"start":{"line":445,"column":6},"end":{"line":445,"column":60}},"197":{"start":{"line":447,"column":6},"end":{"line":447,"column":18}},"198":{"start":{"line":452,"column":4},"end":{"line":532,"column":5}},"199":{"start":{"line":453,"column":21},"end":{"line":453,"column":31}},"200":{"start":{"line":454,"column":101},"end":{"line":454,"column":109}},"201":{"start":{"line":455,"column":47},"end":{"line":455,"column":49}},"202":{"start":{"line":457,"column":6},"end":{"line":457,"column":77}},"203":{"start":{"line":457,"column":40},"end":{"line":457,"column":77}},"204":{"start":{"line":458,"column":6},"end":{"line":458,"column":83}},"205":{"start":{"line":458,"column":42},"end":{"line":458,"column":83}},"206":{"start":{"line":459,"column":6},"end":{"line":459,"column":80}},"207":{"start":{"line":459,"column":41},"end":{"line":459,"column":80}},"208":{"start":{"line":460,"column":6},"end":{"line":460,"column":78}},"209":{"start":{"line":460,"column":51},"end":{"line":460,"column":78}},"210":{"start":{"line":461,"column":6},"end":{"line":461,"column":106}},"211":{"start":{"line":461,"column":65},"end":{"line":461,"column":106}},"212":{"start":{"line":462,"column":6},"end":{"line":462,"column":85}},"213":{"start":{"line":462,"column":43},"end":{"line":462,"column":85}},"214":{"start":{"line":463,"column":6},"end":{"line":466,"column":7}},"215":{"start":{"line":464,"column":32},"end":{"line":464,"column":97}},"216":{"start":{"line":465,"column":8},"end":{"line":465,"column":105}},"217":{"start":{"line":467,"column":6},"end":{"line":467,"column":86}},"218":{"start":{"line":467,"column":55},"end":{"line":467,"column":86}},"219":{"start":{"line":469,"column":6},"end":{"line":472,"column":7}},"220":{"start":{"line":470,"column":8},"end":{"line":470,"column":99}},"221":{"start":{"line":471,"column":8},"end":{"line":471,"column":15}},"222":{"start":{"line":474,"column":23},"end":{"line":474,"column":47}},"223":{"start":{"line":475,"column":6},"end":{"line":487,"column":7}},"224":{"start":{"line":476,"column":22},"end":{"line":476,"column":48}},"225":{"start":{"line":477,"column":22},"end":{"line":477,"column":84}},"226":{"start":{"line":477,"column":53},"end":{"line":477,"column":83}},"227":{"start":{"line":478,"column":8},"end":{"line":481,"column":9}},"228":{"start":{"line":479,"column":10},"end":{"line":479,"column":82}},"229":{"start":{"line":480,"column":10},"end":{"line":480,"column":17}},"230":{"start":{"line":483,"column":8},"end":{"line":483,"column":93}},"231":{"start":{"line":484,"column":8},"end":{"line":484,"column":40}},"232":{"start":{"line":485,"column":8},"end":{"line":485,"column":68}},"233":{"start":{"line":486,"column":8},"end":{"line":486,"column":15}},"234":{"start":{"line":489,"column":30},"end":{"line":489,"column":112}},"235":{"start":{"line":490,"column":6},"end":{"line":493,"column":7}},"236":{"start":{"line":491,"column":8},"end":{"line":491,"column":129}},"237":{"start":{"line":492,"column":8},"end":{"line":492,"column":15}},"238":{"start":{"line":496,"column":6},"end":{"line":527,"column":7}},"239":{"start":{"line":497,"column":30},"end":{"line":497,"column":98}},"240":{"start":{"line":498,"column":31},"end":{"line":498,"column":101}},"241":{"start":{"line":500,"column":8},"end":{"line":524,"column":9}},"242":{"start":{"line":501,"column":26},"end":{"line":501,"column":79}},"243":{"start":{"line":502,"column":23},"end":{"line":502,"column":129}},"244":{"start":{"line":504,"column":10},"end":{"line":517,"column":11}},"245":{"start":{"line":505,"column":12},"end":{"line":516,"column":13}},"246":{"start":{"line":506,"column":44},"end":{"line":506,"column":144}},"247":{"start":{"line":507,"column":31},"end":{"line":507,"column":58}},"248":{"start":{"line":508,"column":14},"end":{"line":511,"column":15}},"249":{"start":{"line":509,"column":41},"end":{"line":509,"column":122}},"250":{"start":{"line":510,"column":16},"end":{"line":510,"column":80}},"251":{"start":{"line":510,"column":35},"end":{"line":510,"column":80}},"252":{"start":{"line":513,"column":40},"end":{"line":513,"column":105}},"253":{"start":{"line":514,"column":35},"end":{"line":514,"column":91}},"254":{"start":{"line":514,"column":67},"end":{"line":514,"column":74}},"255":{"start":{"line":515,"column":14},"end":{"line":515,"column":88}},"256":{"start":{"line":515,"column":43},"end":{"line":515,"column":88}},"257":{"start":{"line":519,"column":10},"end":{"line":523,"column":11}},"258":{"start":{"line":520,"column":39},"end":{"line":520,"column":105}},"259":{"start":{"line":521,"column":34},"end":{"line":521,"column":91}},"260":{"start":{"line":521,"column":67},"end":{"line":521,"column":74}},"261":{"start":{"line":522,"column":12},"end":{"line":522,"column":88}},"262":{"start":{"line":522,"column":42},"end":{"line":522,"column":88}},"263":{"start":{"line":526,"column":8},"end":{"line":526,"column":72}},"264":{"start":{"line":529,"column":6},"end":{"line":529,"column":52}},"265":{"start":{"line":531,"column":6},"end":{"line":531,"column":18}},"266":{"start":{"line":536,"column":4},"end":{"line":562,"column":5}},"267":{"start":{"line":537,"column":21},"end":{"line":537,"column":31}},"268":{"start":{"line":538,"column":23},"end":{"line":538,"column":47}},"269":{"start":{"line":540,"column":6},"end":{"line":551,"column":7}},"270":{"start":{"line":541,"column":22},"end":{"line":541,"column":48}},"271":{"start":{"line":542,"column":28},"end":{"line":542,"column":87}},"272":{"start":{"line":542,"column":56},"end":{"line":542,"column":86}},"273":{"start":{"line":543,"column":8},"end":{"line":546,"column":9}},"274":{"start":{"line":544,"column":10},"end":{"line":544,"column":82}},"275":{"start":{"line":545,"column":10},"end":{"line":545,"column":17}},"276":{"start":{"line":548,"column":8},"end":{"line":548,"column":46}},"277":{"start":{"line":549,"column":8},"end":{"line":549,"column":77}},"278":{"start":{"line":550,"column":8},"end":{"line":550,"column":15}},"279":{"start":{"line":553,"column":24},"end":{"line":553,"column":78}},"280":{"start":{"line":554,"column":6},"end":{"line":557,"column":7}},"281":{"start":{"line":555,"column":8},"end":{"line":555,"column":109}},"282":{"start":{"line":556,"column":8},"end":{"line":556,"column":15}},"283":{"start":{"line":559,"column":6},"end":{"line":559,"column":75}},"284":{"start":{"line":561,"column":6},"end":{"line":561,"column":18}},"285":{"start":{"line":566,"column":0},"end":{"line":566,"column":35}}},"fnMap":{"0":{"name":"(anonymous_1)","decl":{"start":{"line":11,"column":27},"end":{"line":11,"column":32}},"loc":{"start":{"line":11,"column":54},"end":{"line":28,"column":1}}},"1":{"name":"(anonymous_2)","decl":{"start":{"line":17,"column":11},"end":{"line":17,"column":12}},"loc":{"start":{"line":17,"column":20},"end":{"line":23,"column":7}}},"2":{"name":"(anonymous_3)","decl":{"start":{"line":30,"column":27},"end":{"line":30,"column":32}},"loc":{"start":{"line":30,"column":67},"end":{"line":33,"column":1}}},"3":{"name":"(anonymous_4)","decl":{"start":{"line":31,"column":30},"end":{"line":31,"column":31}},"loc":{"start":{"line":31,"column":42},"end":{"line":31,"column":64}}},"4":{"name":"(anonymous_5)","decl":{"start":{"line":35,"column":25},"end":{"line":35,"column":26}},"loc":{"start":{"line":35,"column":56},"end":{"line":42,"column":1}}},"5":{"name":"(anonymous_6)","decl":{"start":{"line":44,"column":27},"end":{"line":44,"column":28}},"loc":{"start":{"line":44,"column":45},"end":{"line":71,"column":1}}},"6":{"name":"(anonymous_7)","decl":{"start":{"line":68,"column":11},"end":{"line":68,"column":12}},"loc":{"start":{"line":68,"column":21},"end":{"line":68,"column":77}}},"7":{"name":"(anonymous_8)","decl":{"start":{"line":73,"column":32},"end":{"line":73,"column":33}},"loc":{"start":{"line":73,"column":58},"end":{"line":101,"column":1}}},"8":{"name":"(anonymous_9)","decl":{"start":{"line":103,"column":35},"end":{"line":103,"column":40}},"loc":{"start":{"line":103,"column":76},"end":{"line":131,"column":1}}},"9":{"name":"(anonymous_10)","decl":{"start":{"line":133,"column":23},"end":{"line":133,"column":null}},"loc":{"start":{"line":138,"column":4},"end":{"line":175,"column":1}}},"10":{"name":"(anonymous_11)","decl":{"start":{"line":178,"column":8},"end":{"line":178,"column":13}},"loc":{"start":{"line":178,"column":81},"end":{"line":305,"column":3}}},"11":{"name":"(anonymous_12)","decl":{"start":{"line":186,"column":61},"end":{"line":186,"column":62}},"loc":{"start":{"line":186,"column":79},"end":{"line":189,"column":10}}},"12":{"name":"(anonymous_13)","decl":{"start":{"line":216,"column":58},"end":{"line":216,"column":59}},"loc":{"start":{"line":216,"column":71},"end":{"line":216,"column":84}}},"13":{"name":"(anonymous_14)","decl":{"start":{"line":217,"column":59},"end":{"line":217,"column":60}},"loc":{"start":{"line":217,"column":72},"end":{"line":217,"column":86}}},"14":{"name":"(anonymous_15)","decl":{"start":{"line":224,"column":30},"end":{"line":224,"column":31}},"loc":{"start":{"line":224,"column":41},"end":{"line":226,"column":9}}},"15":{"name":"(anonymous_16)","decl":{"start":{"line":230,"column":48},"end":{"line":230,"column":49}},"loc":{"start":{"line":230,"column":66},"end":{"line":230,"column":89}}},"16":{"name":"(anonymous_17)","decl":{"start":{"line":235,"column":32},"end":{"line":235,"column":33}},"loc":{"start":{"line":235,"column":43},"end":{"line":237,"column":9}}},"17":{"name":"(anonymous_18)","decl":{"start":{"line":242,"column":34},"end":{"line":242,"column":35}},"loc":{"start":{"line":242,"column":45},"end":{"line":244,"column":9}}},"18":{"name":"(anonymous_19)","decl":{"start":{"line":247,"column":41},"end":{"line":247,"column":42}},"loc":{"start":{"line":247,"column":55},"end":{"line":247,"column":116}}},"19":{"name":"(anonymous_20)","decl":{"start":{"line":257,"column":42},"end":{"line":257,"column":43}},"loc":{"start":{"line":257,"column":57},"end":{"line":286,"column":12}}},"20":{"name":"(anonymous_21)","decl":{"start":{"line":307,"column":10},"end":{"line":307,"column":15}},"loc":{"start":{"line":307,"column":83},"end":{"line":384,"column":3}}},"21":{"name":"(anonymous_22)","decl":{"start":{"line":363,"column":55},"end":{"line":363,"column":56}},"loc":{"start":{"line":363,"column":67},"end":{"line":363,"column":74}}},"22":{"name":"(anonymous_23)","decl":{"start":{"line":370,"column":55},"end":{"line":370,"column":56}},"loc":{"start":{"line":370,"column":67},"end":{"line":370,"column":74}}},"23":{"name":"(anonymous_24)","decl":{"start":{"line":385,"column":11},"end":{"line":385,"column":16}},"loc":{"start":{"line":385,"column":84},"end":{"line":449,"column":3}}},"24":{"name":"(anonymous_25)","decl":{"start":{"line":392,"column":34},"end":{"line":392,"column":35}},"loc":{"start":{"line":392,"column":49},"end":{"line":392,"column":79}}},"25":{"name":"(anonymous_26)","decl":{"start":{"line":421,"column":30},"end":{"line":421,"column":31}},"loc":{"start":{"line":421,"column":47},"end":{"line":423,"column":9}}},"26":{"name":"(anonymous_27)","decl":{"start":{"line":427,"column":48},"end":{"line":427,"column":49}},"loc":{"start":{"line":427,"column":66},"end":{"line":427,"column":89}}},"27":{"name":"(anonymous_28)","decl":{"start":{"line":432,"column":32},"end":{"line":432,"column":33}},"loc":{"start":{"line":432,"column":48},"end":{"line":434,"column":9}}},"28":{"name":"(anonymous_29)","decl":{"start":{"line":439,"column":34},"end":{"line":439,"column":35}},"loc":{"start":{"line":439,"column":52},"end":{"line":441,"column":9}}},"29":{"name":"(anonymous_30)","decl":{"start":{"line":451,"column":10},"end":{"line":451,"column":15}},"loc":{"start":{"line":451,"column":83},"end":{"line":533,"column":3}}},"30":{"name":"(anonymous_31)","decl":{"start":{"line":477,"column":38},"end":{"line":477,"column":39}},"loc":{"start":{"line":477,"column":53},"end":{"line":477,"column":83}}},"31":{"name":"(anonymous_32)","decl":{"start":{"line":514,"column":55},"end":{"line":514,"column":56}},"loc":{"start":{"line":514,"column":67},"end":{"line":514,"column":74}}},"32":{"name":"(anonymous_33)","decl":{"start":{"line":521,"column":55},"end":{"line":521,"column":56}},"loc":{"start":{"line":521,"column":67},"end":{"line":521,"column":74}}},"33":{"name":"(anonymous_34)","decl":{"start":{"line":535,"column":10},"end":{"line":535,"column":15}},"loc":{"start":{"line":535,"column":83},"end":{"line":563,"column":3}}},"34":{"name":"(anonymous_35)","decl":{"start":{"line":542,"column":41},"end":{"line":542,"column":42}},"loc":{"start":{"line":542,"column":56},"end":{"line":542,"column":86}}}},"branchMap":{"0":{"loc":{"start":{"line":32,"column":29},"end":{"line":32,"column":58}},"type":"cond-expr","locations":[{"start":{"line":32,"column":39},"end":{"line":32,"column":53}},{"start":{"line":32,"column":56},"end":{"line":32,"column":58}}]},"1":{"loc":{"start":{"line":36,"column":2},"end":{"line":38,"column":3}},"type":"if","locations":[{"start":{"line":36,"column":2},"end":{"line":38,"column":3}}]},"2":{"loc":{"start":{"line":41,"column":9},"end":{"line":41,"column":38}},"type":"binary-expr","locations":[{"start":{"line":41,"column":9},"end":{"line":41,"column":14}},{"start":{"line":41,"column":18},"end":{"line":41,"column":30}},{"start":{"line":41,"column":34},"end":{"line":41,"column":38}}]},"3":{"loc":{"start":{"line":45,"column":30},"end":{"line":45,"column":76}},"type":"binary-expr","locations":[{"start":{"line":45,"column":30},"end":{"line":45,"column":52}},{"start":{"line":45,"column":56},"end":{"line":45,"column":70}},{"start":{"line":45,"column":74},"end":{"line":45,"column":76}}]},"4":{"loc":{"start":{"line":46,"column":29},"end":{"line":46,"column":56}},"type":"binary-expr","locations":[{"start":{"line":46,"column":29},"end":{"line":46,"column":50}},{"start":{"line":46,"column":54},"end":{"line":46,"column":56}}]},"5":{"loc":{"start":{"line":47,"column":29},"end":{"line":47,"column":82}},"type":"binary-expr","locations":[{"start":{"line":47,"column":29},"end":{"line":47,"column":50}},{"start":{"line":47,"column":54},"end":{"line":47,"column":76}},{"start":{"line":47,"column":80},"end":{"line":47,"column":82}}]},"6":{"loc":{"start":{"line":48,"column":20},"end":{"line":50,"column":65}},"type":"cond-expr","locations":[{"start":{"line":49,"column":6},"end":{"line":49,"column":24}},{"start":{"line":50,"column":6},"end":{"line":50,"column":65}}]},"7":{"loc":{"start":{"line":50,"column":13},"end":{"line":50,"column":64}},"type":"binary-expr","locations":[{"start":{"line":50,"column":13},"end":{"line":50,"column":32}},{"start":{"line":50,"column":36},"end":{"line":50,"column":64}}]},"8":{"loc":{"start":{"line":52,"column":22},"end":{"line":52,"column":67}},"type":"binary-expr","locations":[{"start":{"line":52,"column":22},"end":{"line":52,"column":48}},{"start":{"line":52,"column":52},"end":{"line":52,"column":67}}]},"9":{"loc":{"start":{"line":68,"column":21},"end":{"line":68,"column":77}},"type":"binary-expr","locations":[{"start":{"line":68,"column":21},"end":{"line":68,"column":47}},{"start":{"line":68,"column":51},"end":{"line":68,"column":77}}]},"10":{"loc":{"start":{"line":76,"column":2},"end":{"line":78,"column":3}},"type":"if","locations":[{"start":{"line":76,"column":2},"end":{"line":78,"column":3}}]},"11":{"loc":{"start":{"line":76,"column":6},"end":{"line":76,"column":82}},"type":"binary-expr","locations":[{"start":{"line":76,"column":6},"end":{"line":76,"column":44}},{"start":{"line":76,"column":48},"end":{"line":76,"column":82}}]},"12":{"loc":{"start":{"line":80,"column":2},"end":{"line":82,"column":3}},"type":"if","locations":[{"start":{"line":80,"column":2},"end":{"line":82,"column":3}}]},"13":{"loc":{"start":{"line":80,"column":6},"end":{"line":80,"column":180}},"type":"binary-expr","locations":[{"start":{"line":80,"column":6},"end":{"line":80,"column":46}},{"start":{"line":80,"column":50},"end":{"line":80,"column":86}},{"start":{"line":80,"column":90},"end":{"line":80,"column":101}},{"start":{"line":80,"column":105},"end":{"line":80,"column":141}},{"start":{"line":80,"column":145},"end":{"line":80,"column":180}}]},"14":{"loc":{"start":{"line":84,"column":2},"end":{"line":86,"column":3}},"type":"if","locations":[{"start":{"line":84,"column":2},"end":{"line":86,"column":3}}]},"15":{"loc":{"start":{"line":84,"column":6},"end":{"line":84,"column":108}},"type":"binary-expr","locations":[{"start":{"line":84,"column":6},"end":{"line":84,"column":40}},{"start":{"line":84,"column":44},"end":{"line":84,"column":74}},{"start":{"line":84,"column":78},"end":{"line":84,"column":108}}]},"16":{"loc":{"start":{"line":88,"column":2},"end":{"line":90,"column":3}},"type":"if","locations":[{"start":{"line":88,"column":2},"end":{"line":90,"column":3}}]},"17":{"loc":{"start":{"line":88,"column":6},"end":{"line":88,"column":71}},"type":"binary-expr","locations":[{"start":{"line":88,"column":6},"end":{"line":88,"column":37}},{"start":{"line":88,"column":41},"end":{"line":88,"column":71}}]},"18":{"loc":{"start":{"line":92,"column":2},"end":{"line":94,"column":3}},"type":"if","locations":[{"start":{"line":92,"column":2},"end":{"line":94,"column":3}}]},"19":{"loc":{"start":{"line":92,"column":6},"end":{"line":92,"column":76}},"type":"binary-expr","locations":[{"start":{"line":92,"column":6},"end":{"line":92,"column":39}},{"start":{"line":92,"column":43},"end":{"line":92,"column":76}}]},"20":{"loc":{"start":{"line":96,"column":2},"end":{"line":98,"column":3}},"type":"if","locations":[{"start":{"line":96,"column":2},"end":{"line":98,"column":3}}]},"21":{"loc":{"start":{"line":96,"column":6},"end":{"line":96,"column":88}},"type":"binary-expr","locations":[{"start":{"line":96,"column":6},"end":{"line":96,"column":36}},{"start":{"line":96,"column":40},"end":{"line":96,"column":62}},{"start":{"line":96,"column":66},"end":{"line":96,"column":88}}]},"22":{"loc":{"start":{"line":110,"column":24},"end":{"line":110,"column":49}},"type":"binary-expr","locations":[{"start":{"line":110,"column":24},"end":{"line":110,"column":36}},{"start":{"line":110,"column":40},"end":{"line":110,"column":49}}]},"23":{"loc":{"start":{"line":111,"column":22},"end":{"line":111,"column":43}},"type":"binary-expr","locations":[{"start":{"line":111,"column":22},"end":{"line":111,"column":33}},{"start":{"line":111,"column":37},"end":{"line":111,"column":43}}]},"24":{"loc":{"start":{"line":112,"column":23},"end":{"line":112,"column":44}},"type":"binary-expr","locations":[{"start":{"line":112,"column":23},"end":{"line":112,"column":34}},{"start":{"line":112,"column":38},"end":{"line":112,"column":44}}]},"25":{"loc":{"start":{"line":113,"column":21},"end":{"line":113,"column":71}},"type":"cond-expr","locations":[{"start":{"line":113,"column":50},"end":{"line":113,"column":59}},{"start":{"line":113,"column":62},"end":{"line":113,"column":71}}]},"26":{"loc":{"start":{"line":114,"column":25},"end":{"line":114,"column":51}},"type":"cond-expr","locations":[{"start":{"line":114,"column":39},"end":{"line":114,"column":44}},{"start":{"line":114,"column":47},"end":{"line":114,"column":51}}]},"27":{"loc":{"start":{"line":127,"column":11},"end":{"line":127,"column":76}},"type":"binary-expr","locations":[{"start":{"line":127,"column":11},"end":{"line":127,"column":34}},{"start":{"line":127,"column":38},"end":{"line":127,"column":54}},{"start":{"line":127,"column":58},"end":{"line":127,"column":76}}]},"28":{"loc":{"start":{"line":139,"column":18},"end":{"line":139,"column":70}},"type":"cond-expr","locations":[{"start":{"line":139,"column":35},"end":{"line":139,"column":63}},{"start":{"line":139,"column":66},"end":{"line":139,"column":70}}]},"29":{"loc":{"start":{"line":140,"column":19},"end":{"line":140,"column":74}},"type":"cond-expr","locations":[{"start":{"line":140,"column":37},"end":{"line":140,"column":67}},{"start":{"line":140,"column":70},"end":{"line":140,"column":74}}]},"30":{"loc":{"start":{"line":141,"column":17},"end":{"line":141,"column":85}},"type":"cond-expr","locations":[{"start":{"line":141,"column":43},"end":{"line":141,"column":78}},{"start":{"line":141,"column":81},"end":{"line":141,"column":85}}]},"31":{"loc":{"start":{"line":147,"column":14},"end":{"line":147,"column":35}},"type":"binary-expr","locations":[{"start":{"line":147,"column":14},"end":{"line":147,"column":27}},{"start":{"line":147,"column":31},"end":{"line":147,"column":35}}]},"32":{"loc":{"start":{"line":148,"column":16},"end":{"line":148,"column":39}},"type":"binary-expr","locations":[{"start":{"line":148,"column":16},"end":{"line":148,"column":31}},{"start":{"line":148,"column":35},"end":{"line":148,"column":39}}]},"33":{"loc":{"start":{"line":150,"column":18},"end":{"line":150,"column":40}},"type":"binary-expr","locations":[{"start":{"line":150,"column":18},"end":{"line":150,"column":32}},{"start":{"line":150,"column":36},"end":{"line":150,"column":40}}]},"34":{"loc":{"start":{"line":151,"column":15},"end":{"line":151,"column":37}},"type":"binary-expr","locations":[{"start":{"line":151,"column":15},"end":{"line":151,"column":29}},{"start":{"line":151,"column":33},"end":{"line":151,"column":37}}]},"35":{"loc":{"start":{"line":152,"column":17},"end":{"line":152,"column":97}},"type":"cond-expr","locations":[{"start":{"line":152,"column":27},"end":{"line":152,"column":90}},{"start":{"line":152,"column":93},"end":{"line":152,"column":97}}]},"36":{"loc":{"start":{"line":152,"column":30},"end":{"line":152,"column":54}},"type":"binary-expr","locations":[{"start":{"line":152,"column":30},"end":{"line":152,"column":48}},{"start":{"line":152,"column":52},"end":{"line":152,"column":54}}]},"37":{"loc":{"start":{"line":152,"column":58},"end":{"line":152,"column":81}},"type":"binary-expr","locations":[{"start":{"line":152,"column":58},"end":{"line":152,"column":75}},{"start":{"line":152,"column":79},"end":{"line":152,"column":81}}]},"38":{"loc":{"start":{"line":153,"column":16},"end":{"line":153,"column":44}},"type":"binary-expr","locations":[{"start":{"line":153,"column":16},"end":{"line":153,"column":36}},{"start":{"line":153,"column":40},"end":{"line":153,"column":44}}]},"39":{"loc":{"start":{"line":154,"column":13},"end":{"line":154,"column":37}},"type":"binary-expr","locations":[{"start":{"line":154,"column":13},"end":{"line":154,"column":29}},{"start":{"line":154,"column":33},"end":{"line":154,"column":37}}]},"40":{"loc":{"start":{"line":156,"column":17},"end":{"line":156,"column":38}},"type":"binary-expr","locations":[{"start":{"line":156,"column":17},"end":{"line":156,"column":30}},{"start":{"line":156,"column":34},"end":{"line":156,"column":38}}]},"41":{"loc":{"start":{"line":158,"column":17},"end":{"line":158,"column":40}},"type":"binary-expr","locations":[{"start":{"line":158,"column":17},"end":{"line":158,"column":32}},{"start":{"line":158,"column":36},"end":{"line":158,"column":40}}]},"42":{"loc":{"start":{"line":161,"column":15},"end":{"line":161,"column":45}},"type":"binary-expr","locations":[{"start":{"line":161,"column":15},"end":{"line":161,"column":37}},{"start":{"line":161,"column":41},"end":{"line":161,"column":45}}]},"43":{"loc":{"start":{"line":163,"column":15},"end":{"line":163,"column":37}},"type":"binary-expr","locations":[{"start":{"line":163,"column":15},"end":{"line":163,"column":29}},{"start":{"line":163,"column":33},"end":{"line":163,"column":37}}]},"44":{"loc":{"start":{"line":164,"column":17},"end":{"line":164,"column":41}},"type":"binary-expr","locations":[{"start":{"line":164,"column":17},"end":{"line":164,"column":33}},{"start":{"line":164,"column":37},"end":{"line":164,"column":41}}]},"45":{"loc":{"start":{"line":165,"column":16},"end":{"line":165,"column":55}},"type":"binary-expr","locations":[{"start":{"line":165,"column":16},"end":{"line":165,"column":28}},{"start":{"line":165,"column":32},"end":{"line":165,"column":47}},{"start":{"line":165,"column":51},"end":{"line":165,"column":55}}]},"46":{"loc":{"start":{"line":166,"column":12},"end":{"line":166,"column":30}},"type":"binary-expr","locations":[{"start":{"line":166,"column":12},"end":{"line":166,"column":22}},{"start":{"line":166,"column":26},"end":{"line":166,"column":30}}]},"47":{"loc":{"start":{"line":180,"column":30},"end":{"line":180,"column":64}},"type":"binary-expr","locations":[{"start":{"line":180,"column":30},"end":{"line":180,"column":56}},{"start":{"line":180,"column":60},"end":{"line":180,"column":64}}]},"48":{"loc":{"start":{"line":181,"column":31},"end":{"line":181,"column":65}},"type":"binary-expr","locations":[{"start":{"line":181,"column":31},"end":{"line":181,"column":58}},{"start":{"line":181,"column":62},"end":{"line":181,"column":65}}]},"49":{"loc":{"start":{"line":184,"column":6},"end":{"line":196,"column":7}},"type":"if","locations":[{"start":{"line":184,"column":6},"end":{"line":196,"column":7}}]},"50":{"loc":{"start":{"line":188,"column":24},"end":{"line":188,"column":78}},"type":"binary-expr","locations":[{"start":{"line":188,"column":24},"end":{"line":188,"column":43}},{"start":{"line":188,"column":47},"end":{"line":188,"column":78}}]},"51":{"loc":{"start":{"line":205,"column":6},"end":{"line":213,"column":7}},"type":"if","locations":[{"start":{"line":205,"column":6},"end":{"line":213,"column":7}}]},"52":{"loc":{"start":{"line":205,"column":10},"end":{"line":205,"column":38}},"type":"binary-expr","locations":[{"start":{"line":205,"column":10},"end":{"line":205,"column":24}},{"start":{"line":205,"column":28},"end":{"line":205,"column":38}}]},"53":{"loc":{"start":{"line":222,"column":6},"end":{"line":227,"column":7}},"type":"if","locations":[{"start":{"line":222,"column":6},"end":{"line":227,"column":7}}]},"54":{"loc":{"start":{"line":224,"column":9},"end":{"line":224,"column":20}},"type":"binary-expr","locations":[{"start":{"line":224,"column":9},"end":{"line":224,"column":14}},{"start":{"line":224,"column":18},"end":{"line":224,"column":20}}]},"55":{"loc":{"start":{"line":233,"column":6},"end":{"line":238,"column":7}},"type":"if","locations":[{"start":{"line":233,"column":6},"end":{"line":238,"column":7}}]},"56":{"loc":{"start":{"line":235,"column":9},"end":{"line":235,"column":22}},"type":"binary-expr","locations":[{"start":{"line":235,"column":9},"end":{"line":235,"column":16}},{"start":{"line":235,"column":20},"end":{"line":235,"column":22}}]},"57":{"loc":{"start":{"line":240,"column":6},"end":{"line":245,"column":7}},"type":"if","locations":[{"start":{"line":240,"column":6},"end":{"line":245,"column":7}}]},"58":{"loc":{"start":{"line":242,"column":9},"end":{"line":242,"column":24}},"type":"binary-expr","locations":[{"start":{"line":242,"column":9},"end":{"line":242,"column":18}},{"start":{"line":242,"column":22},"end":{"line":242,"column":24}}]},"59":{"loc":{"start":{"line":247,"column":20},"end":{"line":247,"column":35}},"type":"binary-expr","locations":[{"start":{"line":247,"column":20},"end":{"line":247,"column":29}},{"start":{"line":247,"column":33},"end":{"line":247,"column":35}}]},"60":{"loc":{"start":{"line":249,"column":6},"end":{"line":295,"column":7}},"type":"if","locations":[{"start":{"line":249,"column":6},"end":{"line":295,"column":7}}]},"61":{"loc":{"start":{"line":249,"column":11},"end":{"line":249,"column":23}},"type":"binary-expr","locations":[{"start":{"line":249,"column":11},"end":{"line":249,"column":17}},{"start":{"line":249,"column":21},"end":{"line":249,"column":23}}]},"62":{"loc":{"start":{"line":256,"column":10},"end":{"line":294,"column":9}},"type":"if","locations":[{"start":{"line":256,"column":10},"end":{"line":294,"column":9}}]},"63":{"loc":{"start":{"line":256,"column":14},"end":{"line":256,"column":40}},"type":"binary-expr","locations":[{"start":{"line":256,"column":14},"end":{"line":256,"column":26}},{"start":{"line":256,"column":30},"end":{"line":256,"column":40}}]},"64":{"loc":{"start":{"line":257,"column":20},"end":{"line":257,"column":36}},"type":"binary-expr","locations":[{"start":{"line":257,"column":20},"end":{"line":257,"column":30}},{"start":{"line":257,"column":34},"end":{"line":257,"column":36}}]},"65":{"loc":{"start":{"line":264,"column":25},"end":{"line":264,"column":48}},"type":"binary-expr","locations":[{"start":{"line":264,"column":25},"end":{"line":264,"column":40}},{"start":{"line":264,"column":44},"end":{"line":264,"column":48}}]},"66":{"loc":{"start":{"line":266,"column":22},"end":{"line":266,"column":69}},"type":"cond-expr","locations":[{"start":{"line":266,"column":52},"end":{"line":266,"column":64}},{"start":{"line":266,"column":67},"end":{"line":266,"column":69}}]},"67":{"loc":{"start":{"line":273,"column":22},"end":{"line":273,"column":43}},"type":"binary-expr","locations":[{"start":{"line":273,"column":22},"end":{"line":273,"column":35}},{"start":{"line":273,"column":39},"end":{"line":273,"column":43}}]},"68":{"loc":{"start":{"line":274,"column":24},"end":{"line":274,"column":47}},"type":"binary-expr","locations":[{"start":{"line":274,"column":24},"end":{"line":274,"column":39}},{"start":{"line":274,"column":43},"end":{"line":274,"column":47}}]},"69":{"loc":{"start":{"line":275,"column":26},"end":{"line":275,"column":49}},"type":"binary-expr","locations":[{"start":{"line":275,"column":26},"end":{"line":275,"column":41}},{"start":{"line":275,"column":45},"end":{"line":275,"column":49}}]},"70":{"loc":{"start":{"line":276,"column":26},"end":{"line":276,"column":51}},"type":"binary-expr","locations":[{"start":{"line":276,"column":26},"end":{"line":276,"column":43}},{"start":{"line":276,"column":47},"end":{"line":276,"column":51}}]},"71":{"loc":{"start":{"line":277,"column":24},"end":{"line":277,"column":47}},"type":"binary-expr","locations":[{"start":{"line":277,"column":24},"end":{"line":277,"column":39}},{"start":{"line":277,"column":43},"end":{"line":277,"column":47}}]},"72":{"loc":{"start":{"line":278,"column":25},"end":{"line":278,"column":49}},"type":"binary-expr","locations":[{"start":{"line":278,"column":25},"end":{"line":278,"column":41}},{"start":{"line":278,"column":45},"end":{"line":278,"column":49}}]},"73":{"loc":{"start":{"line":291,"column":48},"end":{"line":291,"column":64}},"type":"binary-expr","locations":[{"start":{"line":291,"column":48},"end":{"line":291,"column":59}},{"start":{"line":291,"column":63},"end":{"line":291,"column":64}}]},"74":{"loc":{"start":{"line":300,"column":44},"end":{"line":300,"column":54}},"type":"binary-expr","locations":[{"start":{"line":300,"column":44},"end":{"line":300,"column":49}},{"start":{"line":300,"column":53},"end":{"line":300,"column":54}}]},"75":{"loc":{"start":{"line":310,"column":6},"end":{"line":313,"column":7}},"type":"if","locations":[{"start":{"line":310,"column":6},"end":{"line":313,"column":7}}]},"76":{"loc":{"start":{"line":310,"column":10},"end":{"line":310,"column":31}},"type":"binary-expr","locations":[{"start":{"line":310,"column":10},"end":{"line":310,"column":15}},{"start":{"line":310,"column":19},"end":{"line":310,"column":31}}]},"77":{"loc":{"start":{"line":316,"column":6},"end":{"line":323,"column":7}},"type":"if","locations":[{"start":{"line":316,"column":6},"end":{"line":323,"column":7}}]},"78":{"loc":{"start":{"line":326,"column":19},"end":{"line":326,"column":35}},"type":"binary-expr","locations":[{"start":{"line":326,"column":19},"end":{"line":326,"column":27}},{"start":{"line":326,"column":31},"end":{"line":326,"column":35}}]},"79":{"loc":{"start":{"line":327,"column":21},"end":{"line":327,"column":39}},"type":"binary-expr","locations":[{"start":{"line":327,"column":21},"end":{"line":327,"column":31}},{"start":{"line":327,"column":35},"end":{"line":327,"column":39}}]},"80":{"loc":{"start":{"line":328,"column":20},"end":{"line":328,"column":37}},"type":"binary-expr","locations":[{"start":{"line":328,"column":20},"end":{"line":328,"column":29}},{"start":{"line":328,"column":33},"end":{"line":328,"column":37}}]},"81":{"loc":{"start":{"line":331,"column":22},"end":{"line":331,"column":41}},"type":"binary-expr","locations":[{"start":{"line":331,"column":22},"end":{"line":331,"c
[...]
{"start":{"line":492,"column":2},"end":{"line":492,"column":39}},"118":{"start":{"line":492,"column":23},"end":{"line":492,"column":39}},"119":{"start":{"line":493,"column":2},"end":{"line":493,"column":26}},"120":{"start":{"line":497,"column":2},"end":{"line":504,"column":3}},"121":{"start":{"line":498,"column":18},"end":{"line":498,"column":40}},"122":{"start":{"line":500,"column":4},"end":{"line":502,"column":49}},"123":{"start":{"line":503,"column":3},"end":{"line":503,"column":73}},"124":{"start":{"line":506,"column":2},"end":{"line":506,"column":86}},"125":{"start":{"line":510,"column":13},"end":{"line":510,"column":51}}},"fnMap":{"0":{"name":"(anonymous_1)","decl":{"start":{"line":88,"column":0},"end":{"line":88,"column":6}},"loc":{"start":{"line":88,"column":0},"end":{"line":508,"column":1}}},"1":{"name":"(anonymous_2)","decl":{"start":{"line":91,"column":8},"end":{"line":91,"column":13}},"loc":{"start":{"line":91,"column":79},"end":{"line":93,"column":2}}},"2":{"name":"(anonymous_3)","decl":{"start":{"line":95,"column":8},"end":{"line":95,"column":13}},"loc":{"start":{"line":99,"column":19},"end":{"line":151,"column":2}}},"3":{"name":"(anonymous_4)","decl":{"start":{"line":153,"column":8},"end":{"line":153,"column":13}},"loc":{"start":{"line":153,"column":72},"end":{"line":183,"column":2}}},"4":{"name":"(anonymous_5)","decl":{"start":{"line":185,"column":8},"end":{"line":185,"column":13}},"loc":{"start":{"line":188,"column":21},"end":{"line":223,"column":2}}},"5":{"name":"(anonymous_6)","decl":{"start":{"line":225,"column":9},"end":{"line":225,"column":14}},"loc":{"start":{"line":229,"column":23},"end":{"line":262,"column":2}}},"6":{"name":"(anonymous_7)","decl":{"start":{"line":246,"column":11},"end":{"line":246,"column":12}},"loc":{"start":{"line":246,"column":22},"end":{"line":246,"column":90}}},"7":{"name":"(anonymous_8)","decl":{"start":{"line":247,"column":9},"end":{"line":247,"column":10}},"loc":{"start":{"line":247,"column":19},"end":{"line":247,"column":44}}},"8":{"name":"(anonymous_9)","decl":{"start":{"line":264,"column":9},"end":{"line":264,"column":14}},"loc":{"start":{"line":267,"column":13},"end":{"line":304,"column":2}}},"9":{"name":"(anonymous_10)","decl":{"start":{"line":286,"column":12},"end":{"line":286,"column":13}},"loc":{"start":{"line":286,"column":21},"end":{"line":286,"column":84}}},"10":{"name":"(anonymous_11)","decl":{"start":{"line":292,"column":26},"end":{"line":292,"column":27}},"loc":{"start":{"line":292,"column":35},"end":{"line":292,"column":78}}},"11":{"name":"(anonymous_12)","decl":{"start":{"line":306,"column":9},"end":{"line":306,"column":14}},"loc":{"start":{"line":309,"column":13},"end":{"line":355,"column":2}}},"12":{"name":"(anonymous_13)","decl":{"start":{"line":339,"column":9},"end":{"line":339,"column":10}},"loc":{"start":{"line":339,"column":30},"end":{"line":339,"column":55}}},"13":{"name":"(anonymous_14)","decl":{"start":{"line":341,"column":8},"end":{"line":341,"column":9}},"loc":{"start":{"line":341,"column":30},"end":{"line":341,"column":88}}},"14":{"name":"(anonymous_15)","decl":{"start":{"line":357,"column":9},"end":{"line":357,"column":27}},"loc":{"start":{"line":359,"column":19},"end":{"line":377,"column":2}}},"15":{"name":"(anonymous_16)","decl":{"start":{"line":379,"column":9},"end":{"line":379,"column":29}},"loc":{"start":{"line":382,"column":19},"end":{"line":400,"column":2}}},"16":{"name":"(anonymous_17)","decl":{"start":{"line":402,"column":9},"end":{"line":402,"column":29}},"loc":{"start":{"line":405,"column":18},"end":{"line":423,"column":2}}},"17":{"name":"(anonymous_18)","decl":{"start":{"line":425,"column":9},"end":{"line":425,"column":14}},"loc":{"start":{"line":425,"column":56},"end":{"line":431,"column":2}}},"18":{"name":"(anonymous_19)","decl":{"start":{"line":433,"column":9},"end":{"line":433,"column":19}},"loc":{"start":{"line":433,"column":45},"end":{"line":450,"column":2}}},"19":{"name":"(anonymous_20)","decl":{"start":{"line":452,"column":9},"end":{"line":452,"column":27}},"loc":{"start":{"line":452,"column":27},"end":{"line":469,"column":2}}},"20":{"name":"(anonymous_21)","decl":{"start":{"line":471,"column":9},"end":{"line":471,"column":28}},"loc":{"start":{"line":471,"column":60},"end":{"line":486,"column":2}}},"21":{"name":"(anonymous_22)","decl":{"start":{"line":488,"column":9},"end":{"line":488,"column":21}},"loc":{"start":{"line":488,"column":40},"end":{"line":494,"column":2}}},"22":{"name":"(anonymous_23)","decl":{"start":{"line":496,"column":9},"end":{"line":496,"column":23}},"loc":{"start":{"line":496,"column":38},"end":{"line":507,"column":2}}}},"branchMap":{"0":{"loc":{"start":{"line":91,"column":39},"end":{"line":91,"column":58}},"type":"default-arg","locations":[{"start":{"line":91,"column":45},"end":{"line":91,"column":58}}]},"1":{"loc":{"start":{"line":91,"column":60},"end":{"line":91,"column":79}},"type":"default-arg","locations":[{"start":{"line":91,"column":66},"end":{"line":91,"column":79}}]},"2":{"loc":{"start":{"line":97,"column":2},"end":{"line":97,"column":21}},"type":"default-arg","locations":[{"start":{"line":97,"column":8},"end":{"line":97,"column":21}}]},"3":{"loc":{"start":{"line":98,"column":2},"end":{"line":98,"column":21}},"type":"default-arg","locations":[{"start":{"line":98,"column":8},"end":{"line":98,"column":21}}]},"4":{"loc":{"start":{"line":99,"column":2},"end":{"line":99,"column":19}},"type":"default-arg","locations":[{"start":{"line":99,"column":18},"end":{"line":99,"column":19}}]},"5":{"loc":{"start":{"line":106,"column":2},"end":{"line":121,"column":3}},"type":"if","locations":[{"start":{"line":106,"column":2},"end":{"line":121,"column":3}}]},"6":{"loc":{"start":{"line":153,"column":32},"end":{"line":153,"column":51}},"type":"default-arg","locations":[{"start":{"line":153,"column":38},"end":{"line":153,"column":51}}]},"7":{"loc":{"start":{"line":153,"column":53},"end":{"line":153,"column":72}},"type":"default-arg","locations":[{"start":{"line":153,"column":59},"end":{"line":153,"column":72}}]},"8":{"loc":{"start":{"line":154,"column":2},"end":{"line":158,"column":3}},"type":"if","locations":[{"start":{"line":154,"column":2},"end":{"line":158,"column":3}}]},"9":{"loc":{"start":{"line":186,"column":2},"end":{"line":186,"column":10}},"type":"default-arg","locations":[{"start":{"line":186,"column":9},"end":{"line":186,"column":10}}]},"10":{"loc":{"start":{"line":187,"column":2},"end":{"line":187,"column":21}},"type":"default-arg","locations":[{"start":{"line":187,"column":8},"end":{"line":187,"column":21}}]},"11":{"loc":{"start":{"line":188,"column":2},"end":{"line":188,"column":21}},"type":"default-arg","locations":[{"start":{"line":188,"column":8},"end":{"line":188,"column":21}}]},"12":{"loc":{"start":{"line":192,"column":2},"end":{"line":214,"column":3}},"type":"if","locations":[{"start":{"line":192,"column":2},"end":{"line":214,"column":3}}]},"13":{"loc":{"start":{"line":217,"column":2},"end":{"line":219,"column":3}},"type":"if","locations":[{"start":{"line":217,"column":2},"end":{"line":219,"column":3}}]},"14":{"loc":{"start":{"line":245,"column":18},"end":{"line":245,"column":33}},"type":"binary-expr","locations":[{"start":{"line":245,"column":18},"end":{"line":245,"column":27}},{"start":{"line":245,"column":31},"end":{"line":245,"column":33}}]},"15":{"loc":{"start":{"line":246,"column":22},"end":{"line":246,"column":90}},"type":"binary-expr","locations":[{"start":{"line":246,"column":22},"end":{"line":246,"column":52}},{"start":{"line":246,"column":56},"end":{"line":246,"column":90}}]},"16":{"loc":{"start":{"line":247,"column":20},"end":{"line":247,"column":29}},"type":"binary-expr","locations":[{"start":{"line":247,"column":20},"end":{"line":247,"column":24}},{"start":{"line":247,"column":28},"end":{"line":247,"column":29}}]},"17":{"loc":{"start":{"line":247,"column":34},"end":{"line":247,"column":43}},"type":"binary-expr","locations":[{"start":{"line":247,"column":34},"end":{"line":247,"column":38}},{"start":{"line":247,"column":42},"end":{"line":247,"column":43}}]},"18":{"loc":{"start":{"line":249,"column":2},"end":{"line":251,"column":3}},"type":"if","locations":[{"start":{"line":249,"column":2},"end":{"line":251,"column":3}}]},"19":{"loc":{"start":{"line":284,"column":18},"end":{"line":284,"column":34}},"type":"binary-expr","locations":[{"start":{"line":284,"column":18},"end":{"line":284,"column":28}},{"start":{"line":284,"column":32},"end":{"line":284,"column":34}}]},"20":{"loc":{"start":{"line":286,"column":21},"end":{"line":286,"column":84}},"type":"binary-expr","locations":[{"start":{"line":286,"column":21},"end":{"line":286,"column":47}},{"start":{"line":286,"column":51},"end":{"line":286,"column":84}}]},"21":{"loc":{"start":{"line":288,"column":3},"end":{"line":290,"column":4}},"type":"if","locations":[{"start":{"line":288,"column":3},"end":{"line":290,"column":4}}]},"22":{"loc":{"start":{"line":325,"column":22},"end":{"line":325,"column":37}},"type":"binary-expr","locations":[{"start":{"line":325,"column":22},"end":{"line":325,"column":31}},{"start":{"line":325,"column":35},"end":{"line":325,"column":37}}]},"23":{"loc":{"start":{"line":326,"column":3},"end":{"line":328,"column":4}},"type":"if","locations":[{"start":{"line":326,"column":3},"end":{"line":328,"column":4}}]},"24":{"loc":{"start":{"line":326,"column":7},"end":{"line":326,"column":60}},"type":"binary-expr","locations":[{"start":{"line":326,"column":7},"end":{"line":326,"column":20}},{"start":{"line":326,"column":24},"end":{"line":326,"column":60}}]},"25":{"loc":{"start":{"line":333,"column":3},"end":{"line":335,"column":4}},"type":"if","locations":[{"start":{"line":333,"column":3},"end":{"line":335,"column":4}}]},"26":{"loc":{"start":{"line":333,"column":7},"end":{"line":333,"column":102}},"type":"binary-expr","locations":[{"start":{"line":333,"column":7},"end":{"line":333,"column":16}},{"start":{"line":333,"column":20},"end":{"line":333,"column":102}}]},"27":{"loc":{"start":{"line":333,"column":58},"end":{"line":333,"column":95}},"type":"binary-expr","locations":[{"start":{"line":333,"column":58},"end":{"line":333,"column":88}},{"start":{"line":333,"column":92},"end":{"line":333,"column":95}}]},"28":{"loc":{"start":{"line":350,"column":4},"end":{"line":352,"column":61}},"type":"cond-expr","locations":[{"start":{"line":351,"column":7},"end":{"line":351,"column":79}},{"start":{"line":352,"column":7},"end":{"line":352,"column":61}}]},"29":{"loc":{"start":{"line":361,"column":30},"end":{"line":361,"column":60}},"type":"binary-expr","locations":[{"start":{"line":361,"column":30},"end":{"line":361,"column":55}},{"start":{"line":361,"column":59},"end":{"line":361,"column":60}}]},"30":{"loc":{"start":{"line":362,"column":33},"end":{"line":362,"column":62}},"type":"binary-expr","locations":[{"start":{"line":362,"column":33},"end":{"line":362,"column":57}},{"start":{"line":362,"column":61},"end":{"line":362,"column":62}}]},"31":{"loc":{"start":{"line":368,"column":19},"end":{"line":368,"column":46}},"type":"binary-expr","locations":[{"start":{"line":368,"column":19},"end":{"line":368,"column":25}},{"start":{"line":368,"column":29},"end":{"line":368,"column":46}}]},"32":{"loc":{"start":{"line":371,"column":14},"end":{"line":371,"column":95}},"type":"binary-expr","locations":[{"start":{"line":371,"column":14},"end":{"line":371,"column":43}},{"start":{"line":371,"column":47},"end":{"line":371,"column":69}},{"start":{"line":371,"column":73},"end":{"line":371,"column":81}},{"start":{"line":371,"column":85},"end":{"line":371,"column":95}}]},"33":{"loc":{"start":{"line":372,"column":25},"end":{"line":372,"column":44}},"type":"binary-expr","locations":[{"start":{"line":372,"column":25},"end":{"line":372,"column":39}},{"start":{"line":372,"column":43},"end":{"line":372,"column":44}}]},"34":{"loc":{"start":{"line":373,"column":24},"end":{"line":373,"column":41}},"type":"binary-expr","locations":[{"start":{"line":373,"column":24},"end":{"line":373,"column":36}},{"start":{"line":373,"column":40},"end":{"line":373,"column":41}}]},"35":{"loc":{"start":{"line":384,"column":30},"end":{"line":384,"column":63}},"type":"binary-expr","locations":[{"start":{"line":384,"column":30},"end":{"line":384,"column":58}},{"start":{"line":384,"column":62},"end":{"line":384,"column":63}}]},"36":{"loc":{"start":{"line":385,"column":33},"end":{"line":385,"column":70}},"type":"binary-expr","locations":[{"start":{"line":385,"column":33},"end":{"line":385,"column":65}},{"start":{"line":385,"column":69},"end":{"line":385,"column":70}}]},"37":{"loc":{"start":{"line":390,"column":13},"end":{"line":390,"column":48}},"type":"binary-expr","locations":[{"start":{"line":390,"column":13},"end":{"line":390,"column":21}},{"start":{"line":390,"column":25},"end":{"line":390,"column":48}}]},"38":{"loc":{"start":{"line":394,"column":14},"end":{"line":394,"column":87}},"type":"binary-expr","locations":[{"start":{"line":394,"column":14},"end":{"line":394,"column":45}},{"start":{"line":394,"column":49},"end":{"line":394,"column":73}},{"start":{"line":394,"column":77},"end":{"line":394,"column":87}}]},"39":{"loc":{"start":{"line":395,"column":25},"end":{"line":395,"column":47}},"type":"binary-expr","locations":[{"start":{"line":395,"column":25},"end":{"line":395,"column":42}},{"start":{"line":395,"column":46},"end":{"line":395,"column":47}}]},"40":{"loc":{"start":{"line":396,"column":24},"end":{"line":396,"column":49}},"type":"binary-expr","locations":[{"start":{"line":396,"column":24},"end":{"line":396,"column":44}},{"start":{"line":396,"column":48},"end":{"line":396,"column":49}}]},"41":{"loc":{"start":{"line":407,"column":30},"end":{"line":407,"column":57}},"type":"binary-expr","locations":[{"start":{"line":407,"column":30},"end":{"line":407,"column":52}},{"start":{"line":407,"column":56},"end":{"line":407,"column":57}}]},"42":{"loc":{"start":{"line":408,"column":33},"end":{"line":408,"column":64}},"type":"binary-expr","locations":[{"start":{"line":408,"column":33},"end":{"line":408,"column":59}},{"start":{"line":408,"column":63},"end":{"line":408,"column":64}}]},"43":{"loc":{"start":{"line":416,"column":14},"end":{"line":416,"column":107}},"type":"binary-expr","locations":[{"start":{"line":416,"column":14},"end":{"line":416,"column":45}},{"start":{"line":416,"column":49},"end":{"line":416,"column":73}},{"start":{"line":416,"column":77},"end":{"line":416,"column":85}},{"start":{"line":416,"column":89},"end":{"line":416,"column":107}}]},"44":{"loc":{"start":{"line":417,"column":25},"end":{"line":417,"column":46}},"type":"binary-expr","locations":[{"start":{"line":417,"column":25},"end":{"line":417,"column":41}},{"start":{"line":417,"column":45},"end":{"line":417,"column":46}}]},"45":{"loc":{"start":{"line":418,"column":24},"end":{"line":418,"column":43}},"type":"binary-expr","locations":[{"start":{"line":418,"column":24},"end":{"line":418,"column":38}},{"start":{"line":418,"column":42},"end":{"line":418,"column":43}}]},"46":{"loc":{"start":{"line":421,"column":24},"end":{"line":421,"column":44}},"type":"binary-expr","locations":[{"start":{"line":421,"column":24},"end":{"line":421,"column":32}},{"start":{"line":421,"column":36},"end":{"line":421,"column":44}}]},"47":{"loc":{"start":{"line":443,"column":14},"end":{"line":443,"column":84}},"type":"binary-expr","locations":[{"start":{"line":443,"column":14},"end":{"line":443,"column":44}},{"start":{"line":443,"column":48},"end":{"line":443,"column":71}},{"start":{"line":443,"column":75},"end":{"line":443,"column":84}}]},"48":{"loc":{"start":{"line":444,"column":25},"end":{"line":444,"column":46}},"type":"binary-expr","locations":[{"start":{"line":444,"column":25},"end":{"line":444,"column":41}},{"start":{"line":444,"column":45},"end":{"line":444,"column":46}}]},"49":{"loc":{"start":{"line":445,"column":24},"end":{"line":445,"column":48}},"type":"binary-expr","locations":[{"start":{"line":445,"column":24},"end":{"line":445,"column":43}},{"start":{"line":445,"column":47},"end":{"line":445,"column":48}}]},"50":{"loc":{"start":{"line":448,"column":24},"end":{"line":448,"column":64}},"type":"binary-expr","locations":[{"start":{"line":448,"column":24},"end":{"line":448,"column":31}},{"start":{"line":448,"column":35},"end":{"line":448,"column":64}}]},"51":{"loc":{"start":{"line":485,"column":9},"end":{"line":485,"column":60}},"type":"cond-expr","locations":[{"start":{"line":485,"column":32},"end":{"line":485,"column":52}},{"start":{"line":485,"column":55},"end":{"line":485,"column":60}}]},"52":{"loc":{"start":{"line":489,"column":2},"end":{"line":489,"column":37}},"type":"if","locations":[{"start":{"line":489,"column":2},"end":{"line":489,"column":37}}]},"53":{"loc":{"start":{"line":490,"column":2},"end":{"line":490,"column":40}},"type":"if","locations":[{"start":{"line":490,"column":2},"end":{"line":490,"column":40}}]},"54":{"loc":{"start":{"line":491,"column":2},"end":{"line":491,"column":48}},"type":"if","locations":[{"start":{"line":491,"column":2},"end":{"line":491,"column":48}}]},"55":{"loc":{"start":{"line":492,"column":2},"end":{"line":492,"column":39}},"type":"if","locations":[{"start":{"line":492,"column":2},"end":{"line":492,"column":39}}]},"56":{"loc":{"start":{"line":497,"column":2},"end":{"line":504,"column":3}},"type":"if","locations":[{"start":{"line":497,"column":2},"end":{"line":504,"column":3}}]},"57":{"loc":{"start":{"line":500,"column":4},"end":{"line":502,"column":49}},"type":"cond-expr","locations":[{"start":{"line":501,"column":7},"end":{"line":501,"column":26}},{"start":{"line":502,"column":7},"end":{"line":502,"column":49}}]},"58":{"loc":{"start":{"line":502,"column":22},"end":{"line":502,"column":48}},"type":"binary-expr","locations":[{"start":{"line":502,"column":22},"end":{"line":502,"column":42}},{"start":{"line":502,"column":46},"end":{"line":502,"column":48}}]},"59":{"loc":{"start":{"line":503,"column":30},"end":{"line":503,"column":58}},"type":"cond-expr","locations":[{"start":{"line":503,"column":39},"end":{"line":503,"column":53}},{"start":{"line":503,"column":56},"end":{"line":503,"column":58}}]},"60":{"loc":{"start":{"line":506,"column":9},"end":{"line":506,"column":85}},"type":"cond-expr","locations":[{"start":{"line":506,"column":34},"end":{"line":506,"column":47}},{"start":{"line":506,"column":50},"end":{"line":506,"column":85}}]}},"s":{"0":1,"1":1,"2":1,"3":1,"4":0,"5":0,"6":0,"7":0,"8":0,"9":0,"10":0,"11":0,"12":0,"13":0,"14":0,"15":0,"16":0,"17":0,"18":0,"19":0,"20":0,"21":0,"22":0,"23":0,"24":2,"25":2,"26":2,"27":2,"28":0,"29":0,"30":0,"31":0,"32":0,"33":0,"34":0,"35":0,"36":0,"37":0,"38":0,"39":0,"40":0,"41":0,"42":0,"43":0,"44":0,"45":0,"46":0,"47":0,"48":0,"49":0,"50":0,"51":0,"52":0,"53":0,"54":0,"55":0,"56":0,"57":0,"58":0,"59":0,"60":0,"61":0,"62":0,"63":0,"64":0,"65":0,"66":0,"67":0,"68":0,"69":0,"70":0,"71":0,"72":0,"73":0,"74":0,"75":0,"76":0,"77":0,"78":0,"79":0,"80":0,"81":0,"82":0,"83":0,"84":0,"85":0,"86":0,"87":0,"88":0,"89":0,"90":0,"91":0,"92":0,"93":0,"94":0,"95":0,"96":2,"97":2,"98":2,"99":0,"100":0,"101":0,"102":0,"103":2,"104":2,"105":2,"106":2,"107":2,"108":2,"109":2,"110":2,"111":2,"112":0,"113":2,"114":0,"115":2,"116":0,"117":2,"118":2,"119":0,"120":0,"121":0,"122":0,"123":0,"124":0,"125":1},"f":{"0":1,"1":0,"2":0,"3":2,"4":0,"5":0,"6":0,"7":0,"8":0,"9":0,"10":0,"11":0,"12":0,"13":0,"14":0,"15":0,"16":0,"17":2,"18":0,"19":2,"20":2,"21":2,"22":0},"b":{"0":[0],"1":[0],"2":[0],"3":[0],"4":[0],"5":[0],"6":[2],"7":[2],"8":[2],"9":[0],"10":[0],"11":[0],"12":[0],"13":[0],"14":[0,0],"15":[0,0],"16":[0,0],"17":[0,0],"18":[0],"19":[0,0],"20":[0,0],"21":[0],"22":[0,0],"23":[0],"24":[0,0],"25":[0],"26":[0,0],"27":[0,0],"28":[0,0],"29":[0,0],"30":[0,0],"31":[0,0],"32":[0,0,0,0],"33":[0,0],"34":[0,0],"35":[0,0],"36":[0,0],"37":[0,0],"38":[0,0,0],"39":[0,0],"40":[0,0],"41":[0,0],"42":[0,0],"43":[0,0,0,0],"44":[0,0],"45":[0,0],"46":[0,0],"47":[0,0,0],"48":[0,0],"49":[0,0],"50":[0,0],"51":[2,0],"52":[0],"53":[0],"54":[0],"55":[2],"56":[0],"57":[0,0],"58":[0,0],"59":[0,0],"60":[0,0]}}
}
