TN:
SF:src\config\environment.ts
FN:3,(anonymous_1)
FN:14,(anonymous_2)
FN:17,(anonymous_3)
FN:20,(anonymous_4)
FN:23,(anonymous_5)
FN:26,(anonymous_6)
FN:29,(anonymous_7)
FN:32,(anonymous_8)
FN:35,(anonymous_9)
FN:38,(anonymous_10)
FN:41,(anonymous_11)
FN:45,(anonymous_12)
FN:48,(anonymous_13)
FN:51,(anonymous_14)
FN:54,(anonymous_15)
FN:57,(anonymous_16)
FN:60,(anonymous_17)
FN:63,(anonymous_18)
FN:66,(anonymous_19)
FN:69,(anonymous_20)
FN:72,(anonymous_21)
FN:76,(anonymous_22)
FN:79,(anonymous_23)
FN:82,(anonymous_24)
FN:85,(anonymous_25)
FN:88,(anonymous_26)
FN:95,(anonymous_27)
FN:98,(anonymous_28)
FN:104,(anonymous_29)
FN:112,(anonymous_30)
FN:114,(anonymous_31)
FN:116,(anonymous_32)
FN:118,(anonymous_33)
FN:121,(anonymous_34)
FNF:34
FNH:5
FNDA:0,(anonymous_1)
FNDA:0,(anonymous_2)
FNDA:0,(anonymous_3)
FNDA:0,(anonymous_4)
FNDA:2,(anonymous_5)
FNDA:0,(anonymous_6)
FNDA:2,(anonymous_7)
FNDA:2,(anonymous_8)
FNDA:1,(anonymous_9)
FNDA:0,(anonymous_10)
FNDA:0,(anonymous_11)
FNDA:0,(anonymous_12)
FNDA:0,(anonymous_13)
FNDA:0,(anonymous_14)
FNDA:0,(anonymous_15)
FNDA:0,(anonymous_16)
FNDA:0,(anonymous_17)
FNDA:0,(anonymous_18)
FNDA:0,(anonymous_19)
FNDA:0,(anonymous_20)
FNDA:0,(anonymous_21)
FNDA:0,(anonymous_22)
FNDA:0,(anonymous_23)
FNDA:0,(anonymous_24)
FNDA:0,(anonymous_25)
FNDA:0,(anonymous_26)
FNDA:0,(anonymous_27)
FNDA:0,(anonymous_28)
FNDA:0,(anonymous_29)
FNDA:2,(anonymous_30)
FNDA:0,(anonymous_31)
FNDA:0,(anonymous_32)
FNDA:0,(anonymous_33)
FNDA:0,(anonymous_34)
DA:1,1
DA:3,1
DA:4,0
DA:10,0
DA:13,1
DA:15,0
DA:18,0
DA:21,0
DA:24,2
DA:27,0
DA:30,2
DA:33,2
DA:36,1
DA:39,0
DA:42,0
DA:43,0
DA:46,0
DA:49,0
DA:52,0
DA:55,0
DA:58,0
DA:61,0
DA:64,0
DA:67,0
DA:70,0
DA:73,0
DA:74,0
DA:76,0
DA:80,0
DA:83,0
DA:86,0
DA:89,0
DA:90,0
DA:91,0
DA:93,0
DA:96,0
DA:99,0
DA:105,0
DA:112,2
DA:114,1
DA:116,1
DA:118,1
DA:119,0
DA:121,1
DA:122,0
LF:45
LH:12
BRDA:7,0,0,0
BRDA:7,0,1,0
BRDA:8,1,0,0
BRDA:8,1,1,0
BRDA:15,2,0,0
BRDA:15,2,1,0
BRDA:18,3,0,0
BRDA:18,3,1,0
BRDA:21,4,0,0
BRDA:21,4,1,0
BRDA:24,5,0,2
BRDA:24,5,1,2
BRDA:27,6,0,0
BRDA:27,6,1,0
BRDA:30,7,0,2
BRDA:30,7,1,2
BRDA:33,8,0,2
BRDA:33,8,1,2
BRDA:36,9,0,1
BRDA:36,9,1,1
BRDA:39,10,0,0
BRDA:39,10,1,0
BRDA:42,11,0,0
BRDA:42,11,1,0
BRDA:43,12,0,0
BRDA:43,12,1,0
BRDA:46,13,0,0
BRDA:46,13,1,0
BRDA:49,14,0,0
BRDA:49,14,1,0
BRDA:52,15,0,0
BRDA:52,15,1,0
BRDA:55,16,0,0
BRDA:55,16,1,0
BRDA:58,17,0,0
BRDA:58,17,1,0
BRDA:61,18,0,0
BRDA:61,18,1,0
BRDA:64,19,0,0
BRDA:64,19,1,0
BRDA:67,20,0,0
BRDA:67,20,1,0
BRDA:70,21,0,0
BRDA:70,21,1,0
BRDA:73,22,0,0
BRDA:73,22,1,0
BRDA:80,23,0,0
BRDA:80,23,1,0
BRDA:83,24,0,0
BRDA:83,24,1,0
BRDA:86,25,0,0
BRDA:86,25,1,0
BRDA:89,26,0,0
BRDA:89,26,1,0
BRDA:90,27,0,0
BRDA:90,28,0,0
BRDA:90,28,1,0
BRDA:96,29,0,0
BRDA:96,29,1,0
BRDA:100,30,0,0
BRDA:100,30,1,0
BRDA:106,31,0,0
BRDA:106,31,1,0
BRDA:119,32,0,0
BRDA:119,32,1,0
BRDA:122,33,0,0
BRDA:122,33,1,0
BRDA:122,33,2,0
BRF:68
BRH:8
end_of_record
TN:
SF:src\controllers\announcementsController.ts
FN:12,(anonymous_1)
FN:30,(anonymous_2)
FN:48,(anonymous_3)
FN:78,(anonymous_4)
FN:143,(anonymous_5)
FN:154,(anonymous_6)
FNF:6
FNH:1
FNDA:0,(anonymous_1)
FNDA:0,(anonymous_2)
FNDA:0,(anonymous_3)
FNDA:3,(anonymous_4)
FNDA:0,(anonymous_5)
FNDA:0,(anonymous_6)
DA:2,1
DA:3,1
DA:4,1
DA:5,1
DA:7,1
DA:12,1
DA:13,0
DA:24,0
DA:25,0
DA:26,0
DA:27,0
DA:31,0
DA:32,0
DA:34,0
DA:39,0
DA:44,0
DA:47,1
DA:49,0
DA:50,0
DA:51,0
DA:53,0
DA:54,0
DA:55,0
DA:56,0
DA:57,0
DA:60,0
DA:66,0
DA:67,0
DA:68,0
DA:71,0
DA:73,0
DA:74,0
DA:79,3
DA:80,3
DA:81,3
DA:82,1
DA:83,1
DA:86,2
DA:87,2
DA:88,1
DA:90,1
DA:91,1
DA:93,1
DA:94,1
DA:95,1
DA:97,1
DA:98,1
DA:100,1
DA:101,0
DA:104,1
DA:105,0
DA:108,1
DA:109,1
DA:112,1
DA:113,1
DA:115,1
DA:116,1
DA:117,0
DA:118,0
DA:121,1
DA:123,1
DA:128,1
DA:134,1
DA:135,1
DA:136,1
DA:138,1
DA:140,0
DA:141,0
DA:142,0
DA:143,0
DA:144,0
DA:145,0
DA:146,0
DA:150,1
DA:151,0
DA:152,0
DA:153,0
DA:154,0
DA:155,0
DA:156,0
DA:157,0
DA:161,0
DA:164,1
DA:165,1
DA:167,0
DA:168,0
DA:173,1
LF:87
LH:41
BRDA:39,0,0,0
BRDA:50,1,0,0
BRDA:50,1,1,0
BRDA:51,2,0,0
BRDA:51,2,1,0
BRDA:54,3,0,0
BRDA:66,4,0,0
BRDA:71,5,0,0
BRDA:71,5,1,0
BRDA:71,6,0,0
BRDA:71,6,1,0
BRDA:81,7,0,1
BRDA:81,8,0,3
BRDA:81,8,1,2
BRDA:87,9,0,1
BRDA:88,10,0,1
BRDA:88,10,1,1
BRDA:93,11,0,1
BRDA:93,11,1,1
BRDA:94,12,0,1
BRDA:94,12,1,1
BRDA:94,12,2,1
BRDA:95,13,0,1
BRDA:95,13,1,1
BRDA:95,13,2,1
BRDA:100,14,0,0
BRDA:104,15,0,0
BRDA:112,16,0,1
BRDA:112,16,1,0
BRDA:113,17,0,0
BRDA:116,18,0,0
BRDA:121,19,0,1
BRDA:121,19,1,1
BRDA:123,20,0,1
BRDA:123,20,1,1
BRDA:123,20,2,1
BRDA:123,20,3,1
BRDA:123,20,4,1
BRDA:128,21,0,1
BRDA:128,21,1,1
BRDA:128,21,2,1
BRDA:128,21,3,1
BRDA:128,21,4,1
BRDA:138,22,0,0
BRDA:141,23,0,0
BRDA:143,24,0,0
BRDA:143,24,1,0
BRDA:145,25,0,0
BRDA:150,26,0,0
BRDA:152,27,0,0
BRDA:154,28,0,0
BRDA:154,28,1,0
BRDA:156,29,0,0
BRF:53
BRH:27
end_of_record
TN:
SF:src\controllers\incidentsController.ts
FN:11,(anonymous_1)
FN:17,(anonymous_2)
FN:30,(anonymous_3)
FN:31,(anonymous_4)
FN:35,(anonymous_5)
FN:44,(anonymous_6)
FN:68,(anonymous_7)
FN:73,(anonymous_8)
FN:103,(anonymous_9)
FN:133,(anonymous_10)
FN:178,(anonymous_11)
FN:186,(anonymous_12)
FN:216,(anonymous_13)
FN:217,(anonymous_14)
FN:224,(anonymous_15)
FN:230,(anonymous_16)
FN:235,(anonymous_17)
FN:242,(anonymous_18)
FN:247,(anonymous_19)
FN:257,(anonymous_20)
FN:307,(anonymous_21)
FN:363,(anonymous_22)
FN:370,(anonymous_23)
FN:385,(anonymous_24)
FN:392,(anonymous_25)
FN:421,(anonymous_26)
FN:427,(anonymous_27)
FN:432,(anonymous_28)
FN:439,(anonymous_29)
FN:451,(anonymous_30)
FN:477,(anonymous_31)
FN:514,(anonymous_32)
FN:521,(anonymous_33)
FN:535,(anonymous_34)
FN:542,(anonymous_35)
FNF:35
FNH:5
FNDA:0,(anonymous_1)
FNDA:0,(anonymous_2)
FNDA:0,(anonymous_3)
FNDA:0,(anonymous_4)
FNDA:0,(anonymous_5)
FNDA:4,(anonymous_6)
FNDA:56,(anonymous_7)
FNDA:2,(anonymous_8)
FNDA:2,(anonymous_9)
FNDA:0,(anonymous_10)
FNDA:0,(anonymous_11)
FNDA:0,(anonymous_12)
FNDA:0,(anonymous_13)
FNDA:0,(anonymous_14)
FNDA:0,(anonymous_15)
FNDA:0,(anonymous_16)
FNDA:0,(anonymous_17)
FNDA:0,(anonymous_18)
FNDA:0,(anonymous_19)
FNDA:0,(anonymous_20)
FNDA:3,(anonymous_21)
FNDA:0,(anonymous_22)
FNDA:0,(anonymous_23)
FNDA:0,(anonymous_24)
FNDA:0,(anonymous_25)
FNDA:0,(anonymous_26)
FNDA:0,(anonymous_27)
FNDA:0,(anonymous_28)
FNDA:0,(anonymous_29)
FNDA:0,(anonymous_30)
FNDA:0,(anonymous_31)
FNDA:0,(anonymous_32)
FNDA:0,(anonymous_33)
FNDA:0,(anonymous_34)
FNDA:0,(anonymous_35)
DA:2,1
DA:3,1
DA:4,1
DA:5,1
DA:6,1
DA:7,1
DA:9,1
DA:11,1
DA:12,0
DA:13,0
DA:14,0
DA:18,0
DA:19,0
DA:21,0
DA:26,0
DA:30,1
DA:31,0
DA:32,0
DA:35,1
DA:36,0
DA:37,0
DA:40,0
DA:41,0
DA:44,1
DA:45,4
DA:46,4
DA:47,4
DA:48,4
DA:52,4
DA:53,4
DA:68,56
DA:70,4
DA:73,1
DA:74,2
DA:76,2
DA:77,0
DA:80,2
DA:81,0
DA:84,2
DA:85,0
DA:88,2
DA:89,0
DA:92,2
DA:93,0
DA:96,2
DA:97,2
DA:100,0
DA:103,1
DA:104,2
DA:105,2
DA:107,2
DA:108,2
DA:119,2
DA:120,2
DA:127,2
DA:129,0
DA:133,1
DA:139,0
DA:140,0
DA:141,0
DA:142,0
DA:143,0
DA:145,0
DA:177,1
DA:179,0
DA:180,0
DA:181,0
DA:183,0
DA:184,0
DA:185,0
DA:186,0
DA:190,0
DA:195,0
DA:199,0
DA:205,0
DA:206,0
DA:212,0
DA:216,0
DA:217,0
DA:218,0
DA:219,0
DA:220,0
DA:222,0
DA:223,0
DA:224,0
DA:225,0
DA:229,0
DA:230,0
DA:233,0
DA:234,0
DA:235,0
DA:236,0
DA:240,0
DA:241,0
DA:242,0
DA:243,0
DA:247,0
DA:249,0
DA:250,0
DA:256,0
DA:257,0
DA:288,0
DA:293,0
DA:297,0
DA:303,0
DA:308,3
DA:309,3
DA:310,3
DA:311,1
DA:312,1
DA:315,2
DA:316,2
DA:317,1
DA:318,1
DA:319,1
DA:320,1
DA:321,1
DA:322,1
DA:325,1
DA:336,1
DA:337,1
DA:338,0
DA:339,0
DA:342,1
DA:344,1
DA:345,1
DA:346,1
DA:348,1
DA:349,0
DA:350,0
DA:352,0
DA:354,0
DA:355,0
DA:356,0
DA:357,0
DA:358,0
DA:359,0
DA:362,0
DA:363,0
DA:364,0
DA:368,0
DA:369,0
DA:370,0
DA:371,0
DA:375,0
DA:378,1
DA:379,1
DA:381,0
DA:382,0
DA:386,0
DA:387,0
DA:388,0
DA:390,0
DA:391,0
DA:392,0
DA:393,0
DA:394,0
DA:395,0
DA:398,0
DA:399,0
DA:402,0
DA:408,0
DA:409,0
DA:410,0
DA:413,0
DA:414,0
DA:415,0
DA:416,0
DA:417,0
DA:419,0
DA:420,0
DA:421,0
DA:422,0
DA:426,0
DA:427,0
DA:430,0
DA:431,0
DA:432,0
DA:433,0
DA:437,0
DA:438,0
DA:439,0
DA:440,0
DA:444,0
DA:445,0
DA:447,0
DA:452,0
DA:453,0
DA:454,0
DA:455,0
DA:457,0
DA:458,0
DA:459,0
DA:460,0
DA:461,0
DA:462,0
DA:463,0
DA:464,0
DA:465,0
DA:467,0
DA:469,0
DA:470,0
DA:471,0
DA:474,0
DA:475,0
DA:476,0
DA:477,0
DA:478,0
DA:479,0
DA:480,0
DA:483,0
DA:484,0
DA:485,0
DA:486,0
DA:489,0
DA:490,0
DA:491,0
DA:492,0
DA:496,0
DA:497,0
DA:498,0
DA:500,0
DA:501,0
DA:502,0
DA:504,0
DA:505,0
DA:506,0
DA:507,0
DA:508,0
DA:509,0
DA:510,0
DA:513,0
DA:514,0
DA:515,0
DA:519,0
DA:520,0
DA:521,0
DA:522,0
DA:526,0
DA:529,0
DA:531,0
DA:536,0
DA:537,0
DA:538,0
DA:540,0
DA:541,0
DA:542,0
DA:543,0
DA:544,0
DA:545,0
DA:548,0
DA:549,0
DA:550,0
DA:553,0
DA:554,0
DA:555,0
DA:556,0
DA:559,0
DA:561,0
DA:566,1
LF:260
LH:62
BRDA:32,0,0,0
BRDA:32,0,1,0
BRDA:36,1,0,0
BRDA:41,2,0,0
BRDA:41,2,1,0
BRDA:41,2,2,0
BRDA:45,3,0,4
BRDA:45,3,1,4
BRDA:45,3,2,0
BRDA:46,4,0,4
BRDA:46,4,1,0
BRDA:47,5,0,4
BRDA:47,5,1,4
BRDA:47,5,2,4
BRDA:48,6,0,0
BRDA:48,6,1,4
BRDA:50,7,0,4
BRDA:50,7,1,4
BRDA:52,8,0,4
BRDA:52,8,1,2
BRDA:68,9,0,56
BRDA:68,9,1,56
BRDA:76,10,0,0
BRDA:76,11,0,2
BRDA:76,11,1,2
BRDA:80,12,0,0
BRDA:80,13,0,2
BRDA:80,13,1,2
BRDA:80,13,2,2
BRDA:80,13,3,2
BRDA:80,13,4,2
BRDA:84,14,0,0
BRDA:84,15,0,2
BRDA:84,15,1,2
BRDA:84,15,2,2
BRDA:88,16,0,0
BRDA:88,17,0,2
BRDA:88,17,1,2
BRDA:92,18,0,0
BRDA:92,19,0,2
BRDA:92,19,1,2
BRDA:96,20,0,2
BRDA:96,21,0,2
BRDA:96,21,1,2
BRDA:96,21,2,0
BRDA:110,22,0,2
BRDA:110,22,1,0
BRDA:111,23,0,2
BRDA:111,23,1,0
BRDA:112,24,0,2
BRDA:112,24,1,2
BRDA:113,25,0,1
BRDA:113,25,1,1
BRDA:114,26,0,0
BRDA:114,26,1,2
BRDA:127,27,0,2
BRDA:127,27,1,0
BRDA:127,27,2,0
BRDA:139,28,0,0
BRDA:139,28,1,0
BRDA:140,29,0,0
BRDA:140,29,1,0
BRDA:141,30,0,0
BRDA:141,30,1,0
BRDA:147,31,0,0
BRDA:147,31,1,0
BRDA:148,32,0,0
BRDA:148,32,1,0
BRDA:150,33,0,0
BRDA:150,33,1,0
BRDA:151,34,0,0
BRDA:151,34,1,0
BRDA:152,35,0,0
BRDA:152,35,1,0
BRDA:152,36,0,0
BRDA:152,36,1,0
BRDA:152,37,0,0
BRDA:152,37,1,0
BRDA:153,38,0,0
BRDA:153,38,1,0
BRDA:154,39,0,0
BRDA:154,39,1,0
BRDA:156,40,0,0
BRDA:156,40,1,0
BRDA:158,41,0,0
BRDA:158,41,1,0
BRDA:161,42,0,0
BRDA:161,42,1,0
BRDA:163,43,0,0
BRDA:163,43,1,0
BRDA:164,44,0,0
BRDA:164,44,1,0
BRDA:165,45,0,0
BRDA:165,45,1,0
BRDA:165,45,2,0
BRDA:166,46,0,0
BRDA:166,46,1,0
BRDA:180,47,0,0
BRDA:180,47,1,0
BRDA:181,48,0,0
BRDA:181,48,1,0
BRDA:184,49,0,0
BRDA:188,50,0,0
BRDA:188,50,1,0
BRDA:205,51,0,0
BRDA:205,52,0,0
BRDA:205,52,1,0
BRDA:222,53,0,0
BRDA:224,54,0,0
BRDA:224,54,1,0
BRDA:233,55,0,0
BRDA:235,56,0,0
BRDA:235,56,1,0
BRDA:240,57,0,0
BRDA:242,58,0,0
BRDA:242,58,1,0
BRDA:247,59,0,0
BRDA:247,59,1,0
BRDA:249,60,0,0
BRDA:249,61,0,0
BRDA:249,61,1,0
BRDA:256,62,0,0
BRDA:256,63,0,0
BRDA:256,63,1,0
BRDA:257,64,0,0
BRDA:257,64,1,0
BRDA:264,65,0,0
BRDA:264,65,1,0
BRDA:266,66,0,0
BRDA:266,66,1,0
BRDA:273,67,0,0
BRDA:273,67,1,0
BRDA:274,68,0,0
BRDA:274,68,1,0
BRDA:275,69,0,0
BRDA:275,69,1,0
BRDA:276,70,0,0
BRDA:276,70,1,0
BRDA:277,71,0,0
BRDA:277,71,1,0
BRDA:278,72,0,0
BRDA:278,72,1,0
BRDA:291,73,0,0
BRDA:291,73,1,0
BRDA:300,74,0,0
BRDA:300,74,1,0
BRDA:310,75,0,1
BRDA:310,76,0,3
BRDA:310,76,1,2
BRDA:316,77,0,1
BRDA:326,78,0,1
BRDA:326,78,1,1
BRDA:327,79,0,1
BRDA:327,79,1,1
BRDA:328,80,0,1
BRDA:328,80,1,1
BRDA:331,81,0,1
BRDA:331,81,1,1
BRDA:332,82,0,1
BRDA:332,82,1,1
BRDA:337,83,0,0
BRDA:345,84,0,1
BRDA:345,84,1,1
BRDA:346,85,0,1
BRDA:346,85,1,1
BRDA:348,86,0,0
BRDA:348,87,0,1
BRDA:348,87,1,1
BRDA:349,88,0,0
BRDA:349,88,1,0
BRDA:350,89,0,0
BRDA:350,89,1,0
BRDA:352,90,0,0
BRDA:354,91,0,0
BRDA:354,91,1,0
BRDA:357,92,0,0
BRDA:359,93,0,0
BRDA:363,94,0,0
BRDA:363,94,1,0
BRDA:364,95,0,0
BRDA:368,96,0,0
BRDA:370,97,0,0
BRDA:370,97,1,0
BRDA:371,98,0,0
BRDA:390,99,0,0
BRDA:393,100,0,0
BRDA:398,101,0,0
BRDA:398,101,1,0
BRDA:408,102,0,0
BRDA:408,103,0,0
BRDA:408,103,1,0
BRDA:413,104,0,0
BRDA:413,104,1,0
BRDA:414,105,0,0
BRDA:414,105,1,0
BRDA:419,106,0,0
BRDA:421,107,0,0
BRDA:421,107,1,0
BRDA:430,108,0,0
BRDA:432,109,0,0
BRDA:432,109,1,0
BRDA:437,110,0,0
BRDA:439,111,0,0
BRDA:439,111,1,0
BRDA:457,112,0,0
BRDA:457,113,0,0
BRDA:457,113,1,0
BRDA:458,114,0,0
BRDA:458,115,0,0
BRDA:458,115,1,0
BRDA:459,116,0,0
BRDA:459,117,0,0
BRDA:459,117,1,0
BRDA:460,118,0,0
BRDA:460,119,0,0
BRDA:460,119,1,0
BRDA:461,120,0,0
BRDA:461,121,0,0
BRDA:461,121,1,0
BRDA:462,122,0,0
BRDA:463,123,0,0
BRDA:464,124,0,0
BRDA:464,124,1,0
BRDA:464,125,0,0
BRDA:464,125,1,0
BRDA:465,126,0,0
BRDA:465,126,1,0
BRDA:467,127,0,0
BRDA:467,128,0,0
BRDA:467,128,1,0
BRDA:469,129,0,0
BRDA:475,130,0,0
BRDA:478,131,0,0
BRDA:490,132,0,0
BRDA:490,133,0,0
BRDA:490,133,1,0
BRDA:491,134,0,0
BRDA:491,134,1,0
BRDA:497,135,0,0
BRDA:497,135,1,0
BRDA:498,136,0,0
BRDA:498,136,1,0
BRDA:500,137,0,0
BRDA:500,138,0,0
BRDA:500,138,1,0
BRDA:501,139,0,0
BRDA:501,139,1,0
BRDA:502,140,0,0
BRDA:502,140,1,0
BRDA:502,140,2,0
BRDA:504,141,0,0
BRDA:505,142,0,0
BRDA:505,142,1,0
BRDA:508,143,0,0
BRDA:510,144,0,0
BRDA:514,145,0,0
BRDA:514,145,1,0
BRDA:515,146,0,0
BRDA:519,147,0,0
BRDA:521,148,0,0
BRDA:521,148,1,0
BRDA:522,149,0,0
BRDA:540,150,0,0
BRDA:543,151,0,0
BRDA:554,152,0,0
BRF:265
BRH:58
end_of_record
TN:
SF:src\knowledge\projectPolicyFAQ.ts
FNF:0
FNH:0
DA:1,1
LF:1
LH:1
BRF:0
BRH:0
end_of_record
TN:
SF:src\services\aiAnalysis.service.ts
FN:56,(anonymous_1)
FN:60,(anonymous_2)
FN:71,(anonymous_3)
FN:75,(anonymous_4)
FN:79,(anonymous_5)
FN:138,(anonymous_6)
FN:216,(anonymous_7)
FN:247,(anonymous_8)
FN:287,(anonymous_9)
FN:317,(anonymous_10)
FN:323,(anonymous_11)
FN:367,(anonymous_12)
FN:419,(anonymous_13)
FN:462,(anonymous_14)
FN:512,(anonymous_15)
FN:516,(anonymous_16)
FN:533,(anonymous_17)
FN:554,(anonymous_18)
FN:561,(anonymous_19)
FN:568,(anonymous_20)
FN:578,(anonymous_21)
FN:642,(anonymous_22)
FN:662,(anonymous_23)
FN:673,(anonymous_24)
FN:682,(anonymous_25)
FN:691,(anonymous_26)
FN:724,(anonymous_27)
FN:731,(anonymous_28)
FN:741,(anonymous_29)
FN:751,(anonymous_30)
FN:752,(anonymous_31)
FN:756,(anonymous_32)
FN:796,(anonymous_33)
FN:805,(anonymous_34)
FN:815,(anonymous_35)
FN:852,(anonymous_36)
FN:865,(anonymous_37)
FN:891,(anonymous_38)
FN:901,(anonymous_39)
FN:905,(anonymous_40)
FN:915,(anonymous_41)
FN:936,(anonymous_42)
FN:938,(anonymous_43)
FN:944,(anonymous_44)
FN:999,(anonymous_45)
FN:1032,(anonymous_46)
FN:1039,(anonymous_47)
FN:1042,(anonymous_48)
FN:1055,(anonymous_49)
FN:1065,(anonymous_50)
FN:1073,(anonymous_51)
FN:1077,(anonymous_52)
FN:1081,(anonymous_53)
FN:1085,(anonymous_54)
FN:1089,(anonymous_55)
FN:1093,(anonymous_56)
FN:1097,(anonymous_57)
FN:1104,(anonymous_58)
FN:1138,(anonymous_59)
FN:1312,(anonymous_60)
FN:1325,(anonymous_61)
FN:1326,(anonymous_62)
FN:1327,(anonymous_63)
FN:1328,(anonymous_64)
FN:1329,(anonymous_65)
FN:1468,(anonymous_66)
FN:1497,(anonymous_67)
FN:1547,(anonymous_68)
FN:1585,(anonymous_69)
FN:1601,(anonymous_70)
FN:1604,(anonymous_71)
FN:1616,(anonymous_72)
FN:1637,(anonymous_73)
FN:1691,(anonymous_74)
FN:1751,(anonymous_75)
FN:1763,(anonymous_76)
FN:1775,(anonymous_77)
FN:1787,(anonymous_78)
FN:1799,(anonymous_79)
FN:1811,(anonymous_80)
FN:1815,(anonymous_81)
FN:1853,(anonymous_82)
FN:1854,(anonymous_83)
FN:1880,(anonymous_84)
FN:1954,(anonymous_85)
FN:2006,(anonymous_86)
FN:2044,(anonymous_87)
FN:2095,(anonymous_88)
FN:2117,(anonymous_89)
FN:2124,(anonymous_90)
FN:2131,(anonymous_91)
FN:2132,(anonymous_92)
FN:2133,(anonymous_93)
FN:2134,(anonymous_94)
FN:2140,(anonymous_95)
FN:2187,(anonymous_96)
FN:2190,(anonymous_97)
FN:2202,(anonymous_98)
FN:2296,(anonymous_99)
FN:2323,(anonymous_100)
FN:2339,(anonymous_101)
FNF:101
FNH:32
FNDA:1,(anonymous_1)
FNDA:2,(anonymous_2)
FNDA:0,(anonymous_3)
FNDA:0,(anonymous_4)
FNDA:0,(anonymous_5)
FNDA:2,(anonymous_6)
FNDA:0,(anonymous_7)
FNDA:0,(anonymous_8)
FNDA:2,(anonymous_9)
FNDA:0,(anonymous_10)
FNDA:0,(anonymous_11)
FNDA:0,(anonymous_12)
FNDA:0,(anonymous_13)
FNDA:0,(anonymous_14)
FNDA:0,(anonymous_15)
FNDA:0,(anonymous_16)
FNDA:0,(anonymous_17)
FNDA:0,(anonymous_18)
FNDA:0,(anonymous_19)
FNDA:0,(anonymous_20)
FNDA:0,(anonymous_21)
FNDA:0,(anonymous_22)
FNDA:0,(anonymous_23)
FNDA:0,(anonymous_24)
FNDA:0,(anonymous_25)
FNDA:0,(anonymous_26)
FNDA:2,(anonymous_27)
FNDA:0,(anonymous_28)
FNDA:2,(anonymous_29)
FNDA:6,(anonymous_30)
FNDA:4,(anonymous_31)
FNDA:12,(anonymous_32)
FNDA:4,(anonymous_33)
FNDA:2,(anonymous_34)
FNDA:0,(anonymous_35)
FNDA:0,(anonymous_36)
FNDA:0,(anonymous_37)
FNDA:0,(anonymous_38)
FNDA:0,(anonymous_39)
FNDA:0,(anonymous_40)
FNDA:0,(anonymous_41)
FNDA:0,(anonymous_42)
FNDA:0,(anonymous_43)
FNDA:2,(anonymous_44)
FNDA:2,(anonymous_45)
FNDA:0,(anonymous_46)
FNDA:0,(anonymous_47)
FNDA:0,(anonymous_48)
FNDA:4,(anonymous_49)
FNDA:32,(anonymous_50)
FNDA:20,(anonymous_51)
FNDA:52,(anonymous_52)
FNDA:40,(anonymous_53)
FNDA:20,(anonymous_54)
FNDA:16,(anonymous_55)
FNDA:8,(anonymous_56)
FNDA:0,(anonymous_57)
FNDA:2,(anonymous_58)
FNDA:2,(anonymous_59)
FNDA:0,(anonymous_60)
FNDA:0,(anonymous_61)
FNDA:0,(anonymous_62)
FNDA:0,(anonymous_63)
FNDA:0,(anonymous_64)
FNDA:0,(anonymous_65)
FNDA:0,(anonymous_66)
FNDA:0,(anonymous_67)
FNDA:0,(anonymous_68)
FNDA:4,(anonymous_69)
FNDA:52,(anonymous_70)
FNDA:2,(anonymous_71)
FNDA:2,(anonymous_72)
FNDA:2,(anonymous_73)
FNDA:0,(anonymous_74)
FNDA:0,(anonymous_75)
FNDA:0,(anonymous_76)
FNDA:0,(anonymous_77)
FNDA:0,(anonymous_78)
FNDA:0,(anonymous_79)
FNDA:2,(anonymous_80)
FNDA:0,(anonymous_81)
FNDA:0,(anonymous_82)
FNDA:0,(anonymous_83)
FNDA:0,(anonymous_84)
FNDA:2,(anonymous_85)
FNDA:0,(anonymous_86)
FNDA:0,(anonymous_87)
FNDA:0,(anonymous_88)
FNDA:0,(anonymous_89)
FNDA:0,(anonymous_90)
FNDA:0,(anonymous_91)
FNDA:0,(anonymous_92)
FNDA:0,(anonymous_93)
FNDA:0,(anonymous_94)
FNDA:0,(anonymous_95)
FNDA:0,(anonymous_96)
FNDA:0,(anonymous_97)
FNDA:2,(anonymous_98)
FNDA:2,(anonymous_99)
FNDA:0,(anonymous_100)
FNDA:0,(anonymous_101)
DA:1,1
DA:2,1
DA:3,1
DA:4,1
DA:5,1
DA:6,1
DA:7,1
DA:9,1
DA:10,1
DA:11,1
DA:53,1
DA:54,1
DA:57,1
DA:58,1
DA:61,2
DA:62,2
DA:63,2
DA:68,2
DA:72,0
DA:76,0
DA:80,0
DA:81,0
DA:82,0
DA:110,0
DA:139,2
DA:140,2
DA:142,2
DA:149,2
DA:154,2
DA:155,2
DA:156,2
DA:157,2
DA:158,0
DA:159,0
DA:160,0
DA:162,2
DA:164,2
DA:165,0
DA:166,0
DA:167,0
DA:168,0
DA:171,2
DA:172,0
DA:173,0
DA:174,0
DA:175,0
DA:176,0
DA:177,0
DA:178,0
DA:181,2
DA:185,2
DA:186,2
DA:187,0
DA:189,2
DA:190,2
DA:191,2
DA:192,2
DA:193,2
DA:196,0
DA:197,0
DA:198,0
DA:199,0
DA:200,0
DA:201,0
DA:204,0
DA:205,0
DA:206,0
DA:209,0
DA:210,0
DA:211,0
DA:212,0
DA:213,0
DA:217,0
DA:218,0
DA:219,0
DA:226,0
DA:228,0
DA:229,0
DA:230,0
DA:231,0
DA:232,0
DA:235,0
DA:236,0
DA:237,0
DA:240,0
DA:241,0
DA:242,0
DA:243,0
DA:244,0
DA:252,0
DA:253,0
DA:254,0
DA:265,0
DA:267,0
DA:268,0
DA:269,0
DA:271,0
DA:274,0
DA:275,0
DA:276,0
DA:279,0
DA:284,0
DA:297,2
DA:298,2
DA:300,2
DA:301,2
DA:313,2
DA:320,0
DA:330,0
DA:337,0
DA:338,0
DA:340,0
DA:341,0
DA:344,0
DA:345,0
DA:346,0
DA:347,0
DA:350,0
DA:351,0
DA:352,0
DA:353,0
DA:356,0
DA:362,0
DA:363,0
DA:364,0
DA:374,0
DA:375,0
DA:378,0
DA:379,0
DA:382,0
DA:383,0
DA:384,0
DA:385,0
DA:392,0
DA:408,0
DA:409,0
DA:410,0
DA:411,0
DA:417,0
DA:418,0
DA:419,0
DA:420,0
DA:422,0
DA:423,0
DA:424,0
DA:425,0
DA:431,0
DA:432,0
DA:433,0
DA:434,0
DA:436,0
DA:437,0
DA:449,0
DA:457,0
DA:458,0
DA:468,0
DA:469,0
DA:470,0
DA:471,0
DA:472,0
DA:476,0
DA:477,0
DA:478,0
DA:479,0
DA:485,0
DA:513,0
DA:517,0
DA:518,0
DA:519,0
DA:520,0
DA:521,0
DA:522,0
DA:524,0
DA:525,0
DA:526,0
DA:527,0
DA:530,0
DA:537,0
DA:538,0
DA:541,0
DA:559,0
DA:560,0
DA:561,0
DA:562,0
DA:563,0
DA:564,0
DA:569,0
DA:570,0
DA:571,0
DA:572,0
DA:573,0
DA:575,0
DA:585,0
DA:586,0
DA:587,0
DA:588,0
DA:591,0
DA:592,0
DA:593,0
DA:594,0
DA:596,0
DA:597,0
DA:606,0
DA:607,0
DA:622,0
DA:623,0
DA:624,0
DA:625,0
DA:628,0
DA:630,0
DA:631,0
DA:633,0
DA:635,0
DA:636,0
DA:638,0
DA:643,0
DA:647,0
DA:652,0
DA:653,0
DA:655,0
DA:656,0
DA:659,0
DA:663,0
DA:664,0
DA:665,0
DA:666,0
DA:670,0
DA:674,0
DA:675,0
DA:676,0
DA:679,0
DA:683,0
DA:684,0
DA:685,0
DA:687,0
DA:692,0
DA:694,0
DA:728,2
DA:732,0
DA:738,0
DA:742,2
DA:743,2
DA:746,2
DA:748,2
DA:751,6
DA:752,4
DA:758,12
DA:776,12
DA:784,12
DA:785,12
DA:786,36
DA:787,0
DA:788,0
DA:789,0
DA:793,12
DA:797,4
DA:798,0
DA:801,4
DA:802,4
DA:806,2
DA:812,2
DA:816,0
DA:817,0
DA:818,0
DA:819,0
DA:820,0
DA:821,0
DA:822,0
DA:823,0
DA:824,0
DA:825,0
DA:828,0
DA:829,0
DA:830,0
DA:831,0
DA:833,0
DA:834,0
DA:835,0
DA:839,0
DA:840,0
DA:841,0
DA:843,0
DA:845,0
DA:846,0
DA:849,0
DA:853,0
DA:854,0
DA:855,0
DA:856,0
DA:857,0
DA:859,0
DA:860,0
DA:862,0
DA:866,0
DA:867,0
DA:870,0
DA:871,0
DA:872,0
DA:873,0
DA:880,0
DA:881,0
DA:882,0
DA:883,0
DA:887,0
DA:888,0
DA:892,0
DA:893,0
DA:894,0
DA:895,0
DA:897,0
DA:902,0
DA:905,0
DA:907,0
DA:908,0
DA:912,0
DA:914,0
DA:915,0
DA:916,0
DA:917,0
DA:918,0
DA:919,0
DA:920,0
DA:921,0
DA:922,0
DA:925,0
DA:926,0
DA:935,0
DA:936,0
DA:938,0
DA:941,0
DA:945,2
DA:946,0
DA:949,2
DA:950,2
DA:951,0
DA:954,2
DA:999,2
DA:1000,2
DA:1003,0
DA:1032,0
DA:1033,0
DA:1036,0
DA:1040,0
DA:1041,0
DA:1042,0
DA:1045,0
DA:1056,4
DA:1057,4
DA:1058,0
DA:1061,4
DA:1062,0
DA:1065,32
DA:1066,0
DA:1069,4
DA:1070,0
DA:1073,20
DA:1074,0
DA:1077,52
DA:1078,0
DA:1081,40
DA:1082,0
DA:1085,20
DA:1086,0
DA:1089,16
DA:1090,0
DA:1093,8
DA:1094,4
DA:1097,0
DA:1098,0
DA:1101,0
DA:1109,2
DA:1110,0
DA:1113,2
DA:1119,2
DA:1121,2
DA:1143,2
DA:1144,2
DA:1146,2
DA:1147,0
DA:1148,0
DA:1156,0
DA:1157,0
DA:1165,0
DA:1166,0
DA:1174,0
DA:1175,0
DA:1184,2
DA:1185,0
DA:1205,2
DA:1206,0
DA:1226,2
DA:1227,0
DA:1247,2
DA:1248,0
DA:1268,2
DA:1269,0
DA:1277,2
DA:1278,0
DA:1286,2
DA:1287,2
DA:1295,0
DA:1296,0
DA:1304,0
DA:1317,0
DA:1318,0
DA:1325,0
DA:1326,0
DA:1327,0
DA:1328,0
DA:1329,0
DA:1331,0
DA:1332,0
DA:1379,0
DA:1380,0
DA:1424,0
DA:1472,0
DA:1478,0
DA:1480,0
DA:1503,0
DA:1504,0
DA:1518,0
DA:1519,0
DA:1533,0
DA:1553,0
DA:1554,0
DA:1557,0
DA:1558,0
DA:1559,0
DA:1560,0
DA:1562,0
DA:1586,4
DA:1587,4
DA:1601,52
DA:1605,2
DA:1606,0
DA:1609,2
DA:1610,0
DA:1613,2
DA:1617,2
DA:1618,0
DA:1624,2
DA:1625,0
DA:1631,2
DA:1641,2
DA:1642,0
DA:1658,2
DA:1659,0
DA:1675,2
DA:1692,0
DA:1693,0
DA:1694,0
DA:1697,0
DA:1698,0
DA:1701,0
DA:1702,0
DA:1705,0
DA:1706,0
DA:1709,0
DA:1712,0
DA:1713,0
DA:1714,0
DA:1717,0
DA:1718,0
DA:1721,0
DA:1722,0
DA:1725,0
DA:1726,0
DA:1729,0
DA:1732,0
DA:1733,0
DA:1736,0
DA:1737,0
DA:1740,0
DA:1741,0
DA:1744,0
DA:1745,0
DA:1748,0
DA:1752,0
DA:1753,0
DA:1756,0
DA:1757,0
DA:1760,0
DA:1764,0
DA:1765,0
DA:1768,0
DA:1769,0
DA:1772,0
DA:1776,0
DA:1777,0
DA:1780,0
DA:1781,0
DA:1784,0
DA:1788,0
DA:1789,0
DA:1792,0
DA:1793,0
DA:1796,0
DA:1800,0
DA:1801,0
DA:1804,0
DA:1805,0
DA:1808,0
DA:1812,2
DA:1816,0
DA:1817,0
DA:1838,0
DA:1853,0
DA:1854,0
DA:1855,0
DA:1857,0
DA:1858,0
DA:1859,0
DA:1862,0
DA:1863,0
DA:1866,0
DA:1867,0
DA:1870,0
DA:1873,0
DA:1874,0
DA:1877,0
DA:1885,0
DA:1886,0
DA:1889,0
DA:1890,0
DA:1891,0
DA:1892,0
DA:1893,0
DA:1894,0
DA:1895,0
DA:1897,0
DA:1943,0
DA:1946,0
DA:1947,0
DA:1948,0
DA:1951,0
DA:1955,2
DA:1956,2
DA:1959,2
DA:1960,2
DA:1961,2
DA:1962,2
DA:1963,2
DA:1964,2
DA:1965,2
DA:1966,2
DA:1969,2
DA:1970,2
DA:1971,2
DA:1972,0
DA:1973,0
DA:1977,2
DA:1978,2
DA:1981,2
DA:1982,2
DA:1983,2
DA:1985,0
DA:1989,2
DA:1990,2
DA:1993,2
DA:1994,2
DA:1995,0
DA:1998,2
DA:1999,2
DA:2002,2
DA:2003,2
DA:2011,0
DA:2017,0
DA:2018,0
DA:2019,0
DA:2026,0
DA:2032,0
DA:2045,0
DA:2046,0
DA:2049,0
DA:2050,0
DA:2051,0
DA:2052,0
DA:2055,0
DA:2056,0
DA:2057,0
DA:2060,0
DA:2061,0
DA:2062,0
DA:2065,0
DA:2066,0
DA:2069,0
DA:2070,0
DA:2071,0
DA:2072,0
DA:2073,0
DA:2074,0
DA:2075,0
DA:2076,0
DA:2077,0
DA:2080,0
DA:2081,0
DA:2082,0
DA:2085,0
DA:2086,0
DA:2089,0
DA:2092,0
DA:2096,0
DA:2097,0
DA:2098,0
DA:2101,0
DA:2102,0
DA:2104,0
DA:2105,0
DA:2106,0
DA:2109,0
DA:2110,0
DA:2112,0
DA:2118,0
DA:2125,0
DA:2126,0
DA:2129,0
DA:2131,0
DA:2132,0
DA:2133,0
DA:2134,0
DA:2141,0
DA:2142,0
DA:2143,0
DA:2146,0
DA:2147,0
DA:2148,0
DA:2150,0
DA:2151,0
DA:2153,0
DA:2154,0
DA:2155,0
DA:2158,0
DA:2159,0
DA:2160,0
DA:2163,0
DA:2164,0
DA:2165,0
DA:2168,0
DA:2169,0
DA:2172,0
DA:2173,0
DA:2176,0
DA:2177,0
DA:2178,0
DA:2179,0
DA:2184,0
DA:2188,0
DA:2189,0
DA:2190,0
DA:2192,0
DA:2193,0
DA:2197,0
DA:2203,2
DA:2204,2
DA:2206,2
DA:2207,0
DA:2211,2
DA:2212,2
DA:2213,2
DA:2215,2
DA:2216,0
DA:2217,0
DA:2248,0
DA:2277,2
DA:2297,2
DA:2299,2
DA:2324,0
DA:2325,0
DA:2328,0
DA:2329,0
DA:2332,0
DA:2333,0
DA:2336,0
DA:2340,0
DA:2341,0
DA:2344,0
DA:2345,0
DA:2349,1
LF:678
LH:143
BRDA:62,0,0,2
BRDA:62,1,0,2
BRDA:62,1,1,2
BRDA:75,2,0,0
BRDA:81,3,0,0
BRDA:81,4,0,0
BRDA:81,4,1,0
BRDA:139,5,0,2
BRDA:139,5,1,0
BRDA:142,6,0,2
BRDA:142,6,1,0
BRDA:143,7,0,0
BRDA:143,7,1,2
BRDA:143,8,0,2
BRDA:143,8,1,2
BRDA:145,9,0,0
BRDA:145,9,1,2
BRDA:148,10,0,0
BRDA:148,10,1,0
BRDA:157,11,0,0
BRDA:157,12,0,2
BRDA:157,12,1,0
BRDA:164,13,0,0
BRDA:171,14,0,0
BRDA:186,15,0,0
BRDA:186,16,0,2
BRDA:186,16,1,2
BRDA:186,16,2,2
BRDA:186,16,3,2
BRDA:189,17,0,2
BRDA:196,18,0,0
BRDA:205,19,0,0
BRDA:217,20,0,0
BRDA:217,20,1,0
BRDA:219,21,0,0
BRDA:219,21,1,0
BRDA:220,22,0,0
BRDA:220,22,1,0
BRDA:220,23,0,0
BRDA:220,23,1,0
BRDA:222,24,0,0
BRDA:222,24,1,0
BRDA:225,25,0,0
BRDA:225,25,1,0
BRDA:228,26,0,0
BRDA:236,27,0,0
BRDA:268,28,0,0
BRDA:268,28,1,0
BRDA:271,29,0,0
BRDA:271,29,1,0
BRDA:273,30,0,0
BRDA:273,30,1,0
BRDA:274,31,0,0
BRDA:274,31,1,0
BRDA:275,32,0,0
BRDA:284,33,0,0
BRDA:284,33,1,0
BRDA:298,34,0,0
BRDA:298,34,1,2
BRDA:332,35,0,0
BRDA:332,35,1,0
BRDA:337,36,0,0
BRDA:337,36,1,0
BRDA:338,37,0,0
BRDA:338,37,1,0
BRDA:338,38,0,0
BRDA:338,38,1,0
BRDA:340,39,0,0
BRDA:340,40,0,0
BRDA:340,40,1,0
BRDA:344,41,0,0
BRDA:344,42,0,0
BRDA:344,42,1,0
BRDA:350,43,0,0
BRDA:350,44,0,0
BRDA:350,44,1,0
BRDA:363,45,0,0
BRDA:363,45,1,0
BRDA:372,46,0,0
BRDA:374,47,0,0
BRDA:378,48,0,0
BRDA:408,49,0,0
BRDA:418,50,0,0
BRDA:418,50,1,0
BRDA:419,51,0,0
BRDA:419,51,1,0
BRDA:422,52,0,0
BRDA:436,53,0,0
BRDA:469,54,0,0
BRDA:469,54,1,0
BRDA:470,55,0,0
BRDA:470,55,1,0
BRDA:471,56,0,0
BRDA:471,56,1,0
BRDA:471,57,0,0
BRDA:471,57,1,0
BRDA:471,58,0,0
BRDA:471,58,1,0
BRDA:474,59,0,0
BRDA:474,59,1,0
BRDA:474,60,0,0
BRDA:474,60,1,0
BRDA:499,61,0,0
BRDA:499,61,1,0
BRDA:499,62,0,0
BRDA:499,62,1,0
BRDA:499,62,2,0
BRDA:506,63,0,0
BRDA:506,63,1,0
BRDA:513,64,0,0
BRDA:513,64,1,0
BRDA:513,65,0,0
BRDA:513,65,1,0
BRDA:516,66,0,0
BRDA:516,67,0,0
BRDA:516,68,0,0
BRDA:520,69,0,0
BRDA:520,69,1,0
BRDA:521,70,0,0
BRDA:521,71,0,0
BRDA:521,71,1,0
BRDA:526,72,0,0
BRDA:537,73,0,0
BRDA:537,74,0,0
BRDA:537,74,1,0
BRDA:542,75,0,0
BRDA:542,75,1,0
BRDA:542,76,0,0
BRDA:542,76,1,0
BRDA:544,77,0,0
BRDA:544,77,1,0
BRDA:544,78,0,0
BRDA:544,78,1,0
BRDA:545,79,0,0
BRDA:545,79,1,0
BRDA:545,80,0,0
BRDA:545,80,1,0
BRDA:546,81,0,0
BRDA:546,81,1,0
BRDA:546,82,0,0
BRDA:546,82,1,0
BRDA:547,83,0,0
BRDA:547,83,1,0
BRDA:547,83,2,0
BRDA:548,84,0,0
BRDA:548,84,1,0
BRDA:548,85,0,0
BRDA:548,85,1,0
BRDA:549,86,0,0
BRDA:549,86,1,0
BRDA:549,86,2,0
BRDA:550,87,0,0
BRDA:550,87,1,0
BRDA:550,87,2,0
BRDA:564,88,0,0
BRDA:564,88,1,0
BRDA:570,89,0,0
BRDA:570,89,1,0
BRDA:571,90,0,0
BRDA:571,90,1,0
BRDA:572,91,0,0
BRDA:572,92,0,0
BRDA:572,92,1,0
BRDA:575,93,0,0
BRDA:575,93,1,0
BRDA:575,94,0,0
BRDA:575,94,1,0
BRDA:575,95,0,0
BRDA:575,95,1,0
BRDA:583,96,0,0
BRDA:586,97,0,0
BRDA:594,98,0,0
BRDA:594,98,1,0
BRDA:630,99,0,0
BRDA:655,100,0,0
BRDA:655,101,0,0
BRDA:655,101,1,0
BRDA:665,102,0,0
BRDA:675,103,0,0
BRDA:719,104,0,0
BRDA:719,104,1,0
BRDA:732,105,0,0
BRDA:732,105,1,0
BRDA:734,106,0,0
BRDA:734,106,1,0
BRDA:743,107,0,2
BRDA:743,107,1,0
BRDA:743,108,0,2
BRDA:743,108,1,2
BRDA:784,109,0,0
BRDA:784,109,1,12
BRDA:784,110,0,12
BRDA:784,110,1,12
BRDA:786,111,0,0
BRDA:797,112,0,0
BRDA:806,113,0,0
BRDA:806,113,1,2
BRDA:808,114,0,0
BRDA:808,114,1,2
BRDA:816,115,0,0
BRDA:816,115,1,0
BRDA:818,116,0,0
BRDA:818,116,1,0
BRDA:820,117,0,0
BRDA:820,117,1,0
BRDA:822,118,0,0
BRDA:822,118,1,0
BRDA:824,119,0,0
BRDA:829,120,0,0
BRDA:829,120,1,0
BRDA:831,121,0,0
BRDA:837,122,0,0
BRDA:837,122,1,0
BRDA:840,123,0,0
BRDA:840,123,1,0
BRDA:856,124,0,0
BRDA:859,125,0,0
BRDA:866,126,0,0
BRDA:882,127,0,0
BRDA:907,128,0,0
BRDA:907,129,0,0
BRDA:907,129,1,0
BRDA:917,130,0,0
BRDA:921,131,0,0
BRDA:925,132,0,0
BRDA:945,133,0,0
BRDA:950,134,0,0
BRDA:999,135,0,2
BRDA:1032,136,0,0
BRDA:1057,137,0,0
BRDA:1061,138,0,0
BRDA:1065,139,0,0
BRDA:1065,140,0,32
BRDA:1065,140,1,32
BRDA:1069,141,0,0
BRDA:1073,142,0,0
BRDA:1077,143,0,0
BRDA:1081,144,0,0
BRDA:1085,145,0,0
BRDA:1089,146,0,0
BRDA:1093,147,0,4
BRDA:1097,148,0,0
BRDA:1109,149,0,0
BRDA:1109,150,0,2
BRDA:1109,150,1,2
BRDA:1131,151,0,2
BRDA:1131,151,1,0
BRDA:1146,152,0,0
BRDA:1147,153,0,0
BRDA:1156,154,0,0
BRDA:1165,155,0,0
BRDA:1174,156,0,0
BRDA:1184,157,0,0
BRDA:1187,158,0,0
BRDA:1187,158,1,0
BRDA:1191,159,0,0
BRDA:1191,159,1,0
BRDA:1195,160,0,0
BRDA:1195,160,1,0
BRDA:1199,161,0,0
BRDA:1199,161,1,0
BRDA:1205,162,0,0
BRDA:1208,163,0,0
BRDA:1208,163,1,0
BRDA:1212,164,0,0
BRDA:1212,164,1,0
BRDA:1216,165,0,0
BRDA:1216,165,1,0
BRDA:1220,166,0,0
BRDA:1220,166,1,0
BRDA:1226,167,0,0
BRDA:1229,168,0,0
BRDA:1229,168,1,0
BRDA:1233,169,0,0
BRDA:1233,169,1,0
BRDA:1237,170,0,0
BRDA:1237,170,1,0
BRDA:1241,171,0,0
BRDA:1241,171,1,0
BRDA:1247,172,0,0
BRDA:1250,173,0,0
BRDA:1250,173,1,0
BRDA:1254,174,0,0
BRDA:1254,174,1,0
BRDA:1258,175,0,0
BRDA:1258,175,1,0
BRDA:1262,176,0,0
BRDA:1262,176,1,0
BRDA:1268,177,0,0
BRDA:1277,178,0,0
BRDA:1286,179,0,2
BRDA:1295,180,0,0
BRDA:1317,181,0,0
BRDA:1326,182,0,0
BRDA:1326,182,1,0
BRDA:1331,183,0,0
BRDA:1364,184,0,0
BRDA:1364,184,1,0
BRDA:1364,185,0,0
BRDA:1364,185,1,0
BRDA:1379,186,0,0
BRDA:1412,187,0,0
BRDA:1412,187,1,0
BRDA:1412,188,0,0
BRDA:1412,188,1,0
BRDA:1456,189,0,0
BRDA:1456,189,1,0
BRDA:1456,190,0,0
BRDA:1456,190,1,0
BRDA:1490,191,0,0
BRDA:1490,191,1,0
BRDA:1503,192,0,0
BRDA:1518,193,0,0
BRDA:1553,194,0,0
BRDA:1578,195,0,0
BRDA:1578,195,1,0
BRDA:1605,196,0,0
BRDA:1609,197,0,0
BRDA:1617,198,0,0
BRDA:1624,199,0,0
BRDA:1641,200,0,0
BRDA:1658,201,0,0
BRDA:1692,202,0,0
BRDA:1693,203,0,0
BRDA:1697,204,0,0
BRDA:1701,205,0,0
BRDA:1705,206,0,0
BRDA:1712,207,0,0
BRDA:1713,208,0,0
BRDA:1717,209,0,0
BRDA:1721,210,0,0
BRDA:1725,211,0,0
BRDA:1732,212,0,0
BRDA:1736,213,0,0
BRDA:1740,214,0,0
BRDA:1744,215,0,0
BRDA:1752,216,0,0
BRDA:1756,217,0,0
BRDA:1764,218,0,0
BRDA:1768,219,0,0
BRDA:1776,220,0,0
BRDA:1780,221,0,0
BRDA:1788,222,0,0
BRDA:1792,223,0,0
BRDA:1800,224,0,0
BRDA:1804,225,0,0
BRDA:1812,226,0,2
BRDA:1812,226,1,0
BRDA:1853,227,0,0
BRDA:1853,227,1,0
BRDA:1854,228,0,0
BRDA:1854,228,1,0
BRDA:1857,229,0,0
BRDA:1857,230,0,0
BRDA:1857,230,1,0
BRDA:1858,231,0,0
BRDA:1862,232,0,0
BRDA:1866,233,0,0
BRDA:1873,234,0,0
BRDA:1885,235,0,0
BRDA:1890,236,0,0
BRDA:1891,237,0,0
BRDA:1891,237,1,0
BRDA:1892,238,0,0
BRDA:1892,238,1,0
BRDA:1893,239,0,0
BRDA:1893,239,1,0
BRDA:1894,240,0,0
BRDA:1894,240,1,0
BRDA:1895,241,0,0
BRDA:1895,241,1,0
BRDA:1898,242,0,0
BRDA:1898,242,1,0
BRDA:1899,243,0,0
BRDA:1899,243,1,0
BRDA:1900,244,0,0
BRDA:1900,244,1,0
BRDA:1901,245,0,0
BRDA:1901,245,1,0
BRDA:1903,246,0,0
BRDA:1903,246,1,0
BRDA:1910,247,0,0
BRDA:1910,247,1,0
BRDA:1911,248,0,0
BRDA:1911,248,1,0
BRDA:1912,249,0,0
BRDA:1912,249,1,0
BRDA:1921,250,0,0
BRDA:1921,250,1,0
BRDA:1924,251,0,0
BRDA:1924,251,1,0
BRDA:1924,251,2,0
BRDA:1924,251,3,0
BRDA:1925,252,0,0
BRDA:1925,252,1,0
BRDA:1928,253,0,0
BRDA:1928,253,1,0
BRDA:1931,254,0,0
BRDA:1931,254,1,0
BRDA:1934,255,0,0
BRDA:1934,255,1,0
BRDA:1934,255,2,0
BRDA:1934,255,3,0
BRDA:1935,256,0,0
BRDA:1935,256,1,0
BRDA:1938,257,0,0
BRDA:1938,257,1,0
BRDA:1938,257,2,0
BRDA:1939,258,0,0
BRDA:1939,258,1,0
BRDA:1939,258,2,0
BRDA:1939,258,3,0
BRDA:1947,259,0,0
BRDA:1955,260,0,2
BRDA:1955,260,1,0
BRDA:1955,260,2,0
BRDA:1956,261,0,2
BRDA:1956,261,1,2
BRDA:1959,262,0,0
BRDA:1959,262,1,2
BRDA:1960,263,0,0
BRDA:1960,263,1,2
BRDA:1961,264,0,0
BRDA:1961,264,1,2
BRDA:1962,265,0,0
BRDA:1962,265,1,2
BRDA:1963,266,0,0
BRDA:1963,266,1,2
BRDA:1964,267,0,2
BRDA:1964,267,1,2
BRDA:1965,268,0,2
BRDA:1965,268,1,2
BRDA:1966,269,0,2
BRDA:1966,269,1,2
BRDA:1969,270,0,2
BRDA:1970,271,0,0
BRDA:1970,271,1,2
BRDA:1971,272,0,2
BRDA:1971,272,1,0
BRDA:1972,273,0,0
BRDA:1972,273,1,0
BRDA:1977,274,0,2
BRDA:1978,275,0,2
BRDA:1978,275,1,0
BRDA:1978,276,0,2
BRDA:1978,276,1,2
BRDA:1981,277,0,2
BRDA:1982,278,0,2
BRDA:1982,278,1,0
BRDA:1989,279,0,2
BRDA:1993,280,0,2
BRDA:1994,281,0,2
BRDA:1994,281,1,0
BRDA:1998,282,0,2
BRDA:2019,283,0,0
BRDA:2019,283,1,0
BRDA:2021,284,0,0
BRDA:2021,284,1,0
BRDA:2021,285,0,0
BRDA:2021,285,1,0
BRDA:2026,286,0,0
BRDA:2026,286,1,0
BRDA:2028,287,0,0
BRDA:2028,287,1,0
BRDA:2039,288,0,0
BRDA:2039,288,1,0
BRDA:2045,289,0,0
BRDA:2051,290,0,0
BRDA:2056,291,0,0
BRDA:2061,292,0,0
BRDA:2061,292,1,0
BRDA:2065,293,0,0
BRDA:2074,294,0,0
BRDA:2080,295,0,0
BRDA:2085,296,0,0
BRDA:2097,297,0,0
BRDA:2105,298,0,0
BRDA:2125,299,0,0
BRDA:2142,300,0,0
BRDA:2153,301,0,0
BRDA:2158,302,0,0
BRDA:2163,303,0,0
BRDA:2168,304,0,0
BRDA:2172,305,0,0
BRDA:2176,306,0,0
BRDA:2178,307,0,0
BRDA:2192,308,0,0
BRDA:2206,309,0,0
BRDA:2215,310,0,0
BRDA:2215,311,0,2
BRDA:2215,311,1,0
BRDA:2216,312,0,0
BRDA:2216,313,0,0
BRDA:2216,313,1,0
BRDA:2324,314,0,0
BRDA:2324,315,0,0
BRDA:2324,315,1,0
BRDA:2328,316,0,0
BRDA:2332,317,0,0
BRDA:2340,318,0,0
BRDA:2340,319,0,0
BRDA:2340,319,1,0
BRDA:2345,320,0,0
BRDA:2345,320,1,0
BRF:504
BRH:61
end_of_record
TN:
SF:src\services\auditLog.service.ts
FN:23,(anonymous_10)
FN:30,(anonymous_11)
FN:49,(anonymous_12)
FN:209,(anonymous_13)
FN:263,(anonymous_14)
FN:295,(anonymous_15)
FN:335,(anonymous_16)
FN:344,(anonymous_17)
FNF:8
FNH:4
FNDA:1,(anonymous_10)
FNDA:2,(anonymous_11)
FNDA:2,(anonymous_12)
FNDA:2,(anonymous_13)
FNDA:0,(anonymous_14)
FNDA:0,(anonymous_15)
FNDA:0,(anonymous_16)
FNDA:0,(anonymous_17)
DA:1,1
DA:2,1
DA:3,1
DA:4,1
DA:8,1
DA:24,1
DA:26,1
DA:28,1
DA:31,2
DA:39,2
DA:40,0
DA:41,0
DA:42,0
DA:46,0
DA:50,2
DA:59,2
DA:60,2
DA:61,0
DA:63,0
DA:64,0
DA:65,0
DA:66,0
DA:68,0
DA:70,0
DA:79,0
DA:80,0
DA:82,0
DA:83,0
DA:86,0
DA:87,0
DA:91,0
DA:93,0
DA:94,0
DA:95,0
DA:96,0
DA:97,0
DA:105,0
DA:106,0
DA:107,0
DA:108,0
DA:109,0
DA:114,0
DA:115,0
DA:118,0
DA:121,0
DA:125,0
DA:126,0
DA:127,0
DA:131,0
DA:132,0
DA:133,0
DA:134,0
DA:135,0
DA:136,0
DA:147,0
DA:148,0
DA:149,0
DA:151,0
DA:157,0
DA:161,0
DA:162,0
DA:175,0
DA:176,0
DA:179,2
DA:182,2
DA:183,0
DA:184,0
DA:185,0
DA:200,0
DA:201,0
DA:206,0
DA:210,2
DA:213,2
DA:214,2
DA:215,2
DA:217,0
DA:220,2
DA:221,2
DA:223,2
DA:224,0
DA:225,0
DA:226,0
DA:227,0
DA:235,0
DA:236,0
DA:237,0
DA:238,0
DA:239,0
DA:240,0
DA:241,0
DA:243,0
DA:244,0
DA:245,0
DA:246,0
DA:247,0
DA:257,0
DA:262,0
DA:263,0
DA:264,0
DA:265,0
DA:266,0
DA:267,0
DA:268,0
DA:269,0
DA:270,0
DA:271,0
DA:272,0
DA:273,0
DA:274,0
DA:275,0
DA:276,0
DA:277,0
DA:278,0
DA:279,0
DA:280,0
DA:284,0
DA:292,0
DA:301,0
DA:316,0
DA:317,0
DA:320,0
DA:330,0
DA:331,0
DA:336,0
DA:337,0
DA:338,0
DA:340,0
DA:345,0
DA:346,0
DA:347,0
DA:349,0
DA:354,1
LF:132
LH:23
BRDA:8,0,0,1
BRDA:8,0,1,1
BRDA:30,1,0,2
BRDA:39,2,0,0
BRDA:41,3,0,0
BRDA:53,4,0,2
BRDA:53,4,1,2
BRDA:61,5,0,0
BRDA:63,6,0,0
BRDA:63,6,1,0
BRDA:66,7,0,0
BRDA:66,8,0,0
BRDA:66,8,1,0
BRDA:68,9,0,0
BRDA:68,9,1,0
BRDA:72,10,0,0
BRDA:72,10,1,0
BRDA:73,11,0,0
BRDA:73,11,1,0
BRDA:79,12,0,0
BRDA:79,12,1,0
BRDA:79,13,0,0
BRDA:79,13,1,0
BRDA:82,14,0,0
BRDA:91,15,0,0
BRDA:91,15,1,0
BRDA:93,16,0,0
BRDA:93,16,1,0
BRDA:94,17,0,0
BRDA:94,17,1,0
BRDA:99,18,0,0
BRDA:99,18,1,0
BRDA:100,19,0,0
BRDA:100,19,1,0
BRDA:105,20,0,0
BRDA:105,20,1,0
BRDA:114,21,0,0
BRDA:126,22,0,0
BRDA:126,23,0,0
BRDA:126,23,1,0
BRDA:131,24,0,0
BRDA:131,24,1,0
BRDA:132,25,0,0
BRDA:132,25,1,0
BRDA:138,26,0,0
BRDA:138,26,1,0
BRDA:139,27,0,0
BRDA:139,27,1,0
BRDA:147,28,0,0
BRDA:147,28,1,0
BRDA:164,29,0,0
BRDA:164,29,1,0
BRDA:165,30,0,0
BRDA:165,30,1,0
BRDA:182,31,0,0
BRDA:184,32,0,0
BRDA:193,33,0,0
BRDA:193,33,1,0
BRDA:194,34,0,0
BRDA:194,34,1,0
BRDA:195,35,0,0
BRDA:195,35,1,0
BRDA:196,36,0,0
BRDA:196,36,1,0
BRDA:200,37,0,0
BRDA:209,38,0,0
BRDA:209,39,0,0
BRDA:215,40,0,2
BRDA:215,40,1,0
BRDA:220,41,0,2
BRDA:220,41,1,0
BRDA:221,42,0,2
BRDA:221,42,1,0
BRDA:221,42,2,0
BRDA:223,43,0,0
BRDA:226,44,0,0
BRDA:230,45,0,0
BRDA:230,45,1,0
BRDA:235,46,0,0
BRDA:235,46,1,0
BRDA:237,47,0,0
BRDA:239,48,0,0
BRDA:239,48,1,0
BRDA:240,49,0,0
BRDA:240,49,1,0
BRDA:241,50,0,0
BRDA:241,51,0,0
BRDA:241,51,1,0
BRDA:244,52,0,0
BRDA:244,52,1,0
BRDA:245,53,0,0
BRDA:245,53,1,0
BRDA:245,53,2,0
BRDA:246,54,0,0
BRDA:246,55,0,0
BRDA:246,55,1,0
BRDA:246,55,2,0
BRDA:264,56,0,0
BRDA:270,57,0,0
BRDA:271,58,0,0
BRDA:271,59,0,0
BRDA:271,59,1,0
BRDA:271,60,0,0
BRDA:271,60,1,0
BRDA:272,61,0,0
BRDA:272,62,0,0
BRDA:272,62,1,0
BRDA:273,63,0,0
BRDA:273,63,1,0
BRDA:274,64,0,0
BRDA:274,64,1,0
BRDA:275,65,0,0
BRDA:275,65,1,0
BRDA:276,66,0,0
BRDA:276,67,0,0
BRDA:276,67,1,0
BRDA:277,68,0,0
BRDA:277,68,1,0
BRDA:277,69,0,0
BRDA:277,69,1,0
BRDA:278,70,0,0
BRDA:278,70,1,0
BRDA:278,70,2,0
BRDA:279,71,0,0
BRDA:279,72,0,0
BRDA:279,72,1,0
BRDA:279,72,2,0
BRDA:280,73,0,0
BRDA:280,73,1,0
BRDA:316,74,0,0
BRDA:330,75,0,0
BRF:131
BRH:8
end_of_record
TN:
SF:src\services\email.service.ts
FN:10,(anonymous_1)
FN:60,(anonymous_2)
FN:91,(anonymous_3)
FN:143,(anonymous_4)
FN:203,(anonymous_5)
FN:257,(anonymous_6)
FN:296,(anonymous_7)
FN:328,(anonymous_8)
FNF:8
FNH:1
FNDA:0,(anonymous_1)
FNDA:0,(anonymous_2)
FNDA:0,(anonymous_3)
FNDA:0,(anonymous_4)
FNDA:0,(anonymous_5)
FNDA:0,(anonymous_6)
FNDA:2,(anonymous_7)
FNDA:0,(anonymous_8)
DA:1,2
DA:5,2
DA:10,2
DA:11,0
DA:13,0
DA:14,0
DA:17,0
DA:18,0
DA:26,0
DA:27,0
DA:31,0
DA:32,0
DA:34,0
DA:44,0
DA:45,0
DA:49,0
DA:52,0
DA:53,0
DA:60,2
DA:61,0
DA:62,0
DA:63,0
DA:64,0
DA:65,0
DA:68,0
DA:76,0
DA:77,0
DA:78,0
DA:79,0
DA:81,0
DA:83,0
DA:84,0
DA:91,2
DA:92,0
DA:93,0
DA:95,0
DA:96,0
DA:97,0
DA:100,0
DA:102,0
DA:122,0
DA:123,0
DA:125,0
DA:128,0
DA:129,0
DA:130,0
DA:133,0
DA:135,0
DA:136,0
DA:143,2
DA:148,0
DA:149,0
DA:151,0
DA:152,0
DA:153,0
DA:156,0
DA:183,0
DA:184,0
DA:186,0
DA:188,0
DA:189,0
DA:190,0
DA:193,0
DA:195,0
DA:196,0
DA:203,2
DA:211,0
DA:212,0
DA:214,0
DA:215,0
DA:216,0
DA:220,0
DA:228,0
DA:230,0
DA:257,0
DA:276,0
DA:277,0
DA:279,0
DA:281,0
DA:282,0
DA:283,0
DA:286,0
DA:288,0
DA:289,0
DA:296,2
DA:297,2
DA:298,2
DA:299,2
DA:328,2
DA:336,0
DA:337,0
DA:339,0
DA:340,0
DA:341,0
DA:344,0
DA:351,0
DA:353,0
DA:400,0
DA:401,0
DA:403,0
DA:405,0
DA:406,0
DA:407,0
DA:410,0
DA:412,0
DA:413,0
DA:417,2
LF:107
LH:13
BRDA:11,0,0,0
BRDA:14,1,0,0
BRDA:14,1,1,0
BRDA:17,2,0,0
BRDA:19,3,0,0
BRDA:19,3,1,0
BRDA:63,4,0,0
BRDA:69,5,0,0
BRDA:69,5,1,0
BRDA:69,5,2,0
BRDA:73,6,0,0
BRDA:73,6,1,0
BRDA:77,7,0,0
BRDA:79,8,0,0
BRDA:95,9,0,0
BRDA:103,10,0,0
BRDA:103,10,1,0
BRDA:128,11,0,0
BRDA:151,12,0,0
BRDA:157,13,0,0
BRDA:157,13,1,0
BRDA:175,14,0,0
BRDA:175,14,1,0
BRDA:188,15,0,0
BRDA:214,16,0,0
BRDA:228,17,0,0
BRDA:228,17,1,0
BRDA:231,18,0,0
BRDA:231,18,1,0
BRDA:263,19,0,0
BRDA:263,19,1,0
BRDA:281,20,0,0
BRDA:297,21,0,2
BRDA:297,21,1,2
BRDA:339,22,0,0
BRDA:351,23,0,0
BRDA:351,23,1,0
BRDA:354,24,0,0
BRDA:354,24,1,0
BRDA:388,25,0,0
BRDA:388,25,1,0
BRDA:405,26,0,0
BRF:42
BRH:2
end_of_record
TN:
SF:src\services\weather.service.ts
FN:88,(anonymous_1)
FN:91,(anonymous_2)
FN:95,(anonymous_3)
FN:153,(anonymous_4)
FN:185,(anonymous_5)
FN:225,(anonymous_6)
FN:246,(anonymous_7)
FN:247,(anonymous_8)
FN:264,(anonymous_9)
FN:286,(anonymous_10)
FN:292,(anonymous_11)
FN:306,(anonymous_12)
FN:339,(anonymous_13)
FN:341,(anonymous_14)
FN:357,(anonymous_15)
FN:379,(anonymous_16)
FN:402,(anonymous_17)
FN:425,(anonymous_18)
FN:433,(anonymous_19)
FN:452,(anonymous_20)
FN:471,(anonymous_21)
FN:488,(anonymous_22)
FN:496,(anonymous_23)
FNF:23
FNH:6
FNDA:1,(anonymous_1)
FNDA:0,(anonymous_2)
FNDA:0,(anonymous_3)
FNDA:2,(anonymous_4)
FNDA:0,(anonymous_5)
FNDA:0,(anonymous_6)
FNDA:0,(anonymous_7)
FNDA:0,(anonymous_8)
FNDA:0,(anonymous_9)
FNDA:0,(anonymous_10)
FNDA:0,(anonymous_11)
FNDA:0,(anonymous_12)
FNDA:0,(anonymous_13)
FNDA:0,(anonymous_14)
FNDA:0,(anonymous_15)
FNDA:0,(anonymous_16)
FNDA:0,(anonymous_17)
FNDA:2,(anonymous_18)
FNDA:0,(anonymous_19)
FNDA:2,(anonymous_20)
FNDA:2,(anonymous_21)
FNDA:2,(anonymous_22)
FNDA:0,(anonymous_23)
DA:1,1
DA:2,1
DA:4,1
DA:89,1
DA:92,0
DA:101,0
DA:102,0
DA:103,0
DA:104,0
DA:106,0
DA:107,0
DA:123,0
DA:124,0
DA:125,0
DA:126,0
DA:127,0
DA:129,0
DA:130,0
DA:131,0
DA:132,0
DA:133,0
DA:136,0
DA:143,0
DA:154,2
DA:155,2
DA:156,2
DA:157,2
DA:160,0
DA:161,0
DA:174,0
DA:175,0
DA:176,0
DA:178,0
DA:179,0
DA:180,0
DA:181,0
DA:190,0
DA:192,0
DA:193,0
DA:194,0
DA:216,0
DA:217,0
DA:218,0
DA:221,0
DA:222,0
DA:231,0
DA:245,0
DA:246,0
DA:247,0
DA:249,0
DA:250,0
DA:253,0
DA:254,0
DA:256,0
DA:257,0
DA:258,0
DA:261,0
DA:269,0
DA:270,0
DA:284,0
DA:286,0
DA:288,0
DA:289,0
DA:292,0
DA:293,0
DA:301,0
DA:302,0
DA:311,0
DA:324,0
DA:325,0
DA:326,0
DA:327,0
DA:330,0
DA:331,0
DA:332,0
DA:333,0
DA:334,0
DA:338,0
DA:339,0
DA:341,0
DA:343,0
DA:361,0
DA:362,0
DA:363,0
DA:365,0
DA:384,0
DA:385,0
DA:386,0
DA:388,0
DA:407,0
DA:408,0
DA:409,0
DA:411,0
DA:426,2
DA:427,2
DA:429,2
DA:434,0
DA:435,0
DA:436,0
DA:438,0
DA:453,2
DA:454,2
DA:455,2
DA:457,2
DA:472,2
DA:474,2
DA:484,2
DA:485,2
DA:489,2
DA:490,2
DA:491,2
DA:492,2
DA:493,0
DA:497,0
DA:498,0
DA:500,0
DA:503,0
DA:506,0
DA:510,1
LF:119
LH:24
BRDA:91,0,0,0
BRDA:91,1,0,0
BRDA:97,2,0,0
BRDA:98,3,0,0
BRDA:99,4,0,0
BRDA:106,5,0,0
BRDA:153,6,0,2
BRDA:153,7,0,2
BRDA:154,8,0,2
BRDA:186,9,0,0
BRDA:187,10,0,0
BRDA:188,11,0,0
BRDA:192,12,0,0
BRDA:217,13,0,0
BRDA:245,14,0,0
BRDA:245,14,1,0
BRDA:246,15,0,0
BRDA:246,15,1,0
BRDA:247,16,0,0
BRDA:247,16,1,0
BRDA:247,17,0,0
BRDA:247,17,1,0
BRDA:249,18,0,0
BRDA:284,19,0,0
BRDA:284,19,1,0
BRDA:286,20,0,0
BRDA:286,20,1,0
BRDA:288,21,0,0
BRDA:325,22,0,0
BRDA:325,22,1,0
BRDA:326,23,0,0
BRDA:326,24,0,0
BRDA:326,24,1,0
BRDA:333,25,0,0
BRDA:333,26,0,0
BRDA:333,26,1,0
BRDA:333,27,0,0
BRDA:333,27,1,0
BRDA:350,28,0,0
BRDA:350,28,1,0
BRDA:361,29,0,0
BRDA:361,29,1,0
BRDA:362,30,0,0
BRDA:362,30,1,0
BRDA:368,31,0,0
BRDA:368,31,1,0
BRDA:371,32,0,0
BRDA:371,32,1,0
BRDA:371,32,2,0
BRDA:371,32,3,0
BRDA:372,33,0,0
BRDA:372,33,1,0
BRDA:373,34,0,0
BRDA:373,34,1,0
BRDA:384,35,0,0
BRDA:384,35,1,0
BRDA:385,36,0,0
BRDA:385,36,1,0
BRDA:390,37,0,0
BRDA:390,37,1,0
BRDA:394,38,0,0
BRDA:394,38,1,0
BRDA:394,38,2,0
BRDA:395,39,0,0
BRDA:395,39,1,0
BRDA:396,40,0,0
BRDA:396,40,1,0
BRDA:407,41,0,0
BRDA:407,41,1,0
BRDA:408,42,0,0
BRDA:408,42,1,0
BRDA:416,43,0,0
BRDA:416,43,1,0
BRDA:416,43,2,0
BRDA:416,43,3,0
BRDA:417,44,0,0
BRDA:417,44,1,0
BRDA:418,45,0,0
BRDA:418,45,1,0
BRDA:421,46,0,0
BRDA:421,46,1,0
BRDA:443,47,0,0
BRDA:443,47,1,0
BRDA:443,47,2,0
BRDA:444,48,0,0
BRDA:444,48,1,0
BRDA:445,49,0,0
BRDA:445,49,1,0
BRDA:448,50,0,0
BRDA:448,50,1,0
BRDA:485,51,0,2
BRDA:485,51,1,0
BRDA:489,52,0,0
BRDA:490,53,0,0
BRDA:491,54,0,0
BRDA:492,55,0,2
BRDA:497,56,0,0
BRDA:500,57,0,0
BRDA:500,57,1,0
BRDA:502,58,0,0
BRDA:502,58,1,0
BRDA:503,59,0,0
BRDA:503,59,1,0
BRDA:506,60,0,0
BRDA:506,60,1,0
BRF:105
BRH:5
end_of_record
